{"recorder_version":"11","session":"55a171c84d24","build":"191.7479.30","bucket":"129","time":1560877696852,"group":{"id":"settings","version":"2"},"event":{"state":true,"data":{"created":1560877696853,"invoked":true},"id":"NotRoamableUiSettings"}}
{"recorder_version":"11","session":"55a171c84d24","build":"191.7479.30","bucket":"129","time":1560877696866,"group":{"id":"system.os","version":"1"},"event":{"state":true,"data":{"release":"ubuntu","created":1560877696867,"version":"19.4"},"id":"Linux"}}
{"recorder_version":"11","session":"55a171c84d24","build":"191.7479.30","bucket":"129","time":1560877696867,"group":{"id":"system.os","version":"1"},"event":{"state":true,"data":{"created":1560877696884},"id":"invoked"}}
{"recorder_version":"11","session":"55a171c84d24","build":"191.7479.30","bucket":"129","time":1560877696867,"group":{"id":"system.java","version":"1"},"event":{"state":true,"data":{"created":1560877696886,"version":"1.11"},"id":"JetBrains"}}
{"recorder_version":"11","session":"55a171c84d24","build":"191.7479.30","bucket":"129","time":1560877696867,"group":{"id":"system.java","version":"1"},"event":{"state":true,"data":{"created":1560877696887},"id":"invoked"}}
{"recorder_version":"11","session":"55a171c84d24","build":"191.7479.30","bucket":"129","time":1560877696879,"group":{"id":"settings","version":"2"},"event":{"state":true,"data":{"default":false,"created":1560877696889,"name":"overrideLafFonts","value":true},"id":"UISettings"}}
{"recorder_version":"11","session":"55a171c84d24","build":"191.7479.30","bucket":"129","time":1560877696880,"group":{"id":"settings","version":"2"},"event":{"state":true,"data":{"created":1560877696891,"invoked":true},"id":"UISettings"}}
{"recorder_version":"11","session":"55a171c84d24","build":"191.7479.30","bucket":"129","time":1560877698650,"group":{"id":"settings","version":"2"},"event":{"state":true,"data":{"default":false,"created":1560877698650,"name":"confirmExit","value":false},"id":"GeneralSettings"}}
{"recorder_version":"11","session":"55a171c84d24","build":"191.7479.30","bucket":"129","time":1560877698650,"group":{"id":"settings","version":"2"},"event":{"state":true,"data":{"created":1560877698652,"invoked":true},"id":"GeneralSettings"}}
{"recorder_version":"11","session":"55a171c84d24","build":"191.7479.30","bucket":"129","time":1560877703392,"group":{"id":"lifecycle","version":"11"},"event":{"count":1,"data":{"eap":false,"created":1560877703392},"id":"ide.start"}}
{"recorder_version":"11","session":"55a171c84d24","build":"191.7479.30","bucket":"129","time":1560877704487,"group":{"id":"performance","version":"11"},"event":{"count":1,"data":{"duration_ms":5481,"created":1560877704487},"id":"ui.latency"}}
{"recorder_version":"11","session":"55a171c84d24","build":"191.7479.30","bucket":"129","time":1560877704487,"group":{"id":"performance","version":"11"},"event":{"count":1,"data":{"duration_ms":5481,"created":1560877704488},"id":"ui.lagging"}}
{"recorder_version":"11","session":"55a171c84d24","build":"191.7479.30","bucket":"129","time":1560877704488,"group":{"id":"performance","version":"11"},"event":{"count":1,"data":{"duration_ms":4477,"created":1560877704489},"id":"ui.lagging"}}
{"recorder_version":"11","session":"55a171c84d24","build":"191.7479.30","bucket":"129","time":1560877704488,"group":{"id":"performance","version":"11"},"event":{"count":1,"data":{"duration_ms":3476,"created":1560877704490},"id":"ui.lagging"}}
{"recorder_version":"11","session":"55a171c84d24","build":"191.7479.30","bucket":"129","time":1560877704544,"group":{"id":"performance","version":"11"},"event":{"count":1,"data":{"duration_ms":2532,"created":1560877704544},"id":"ui.lagging"}}
{"recorder_version":"11","session":"55a171c84d24","build":"191.7479.30","bucket":"129","time":1560877704545,"group":{"id":"performance","version":"11"},"event":{"count":1,"data":{"duration_ms":1532,"created":1560877704549},"id":"ui.lagging"}}
{"recorder_version":"11","session":"55a171c84d24","build":"191.7479.30","bucket":"129","time":1560877704572,"group":{"id":"performance","version":"11"},"event":{"count":1,"data":{"duration_ms":559,"created":1560877704572},"id":"ui.lagging"}}
{"recorder_version":"11","session":"55a171c84d24","build":"191.7479.30","bucket":"129","time":1560877705027,"group":{"id":"lifecycle","version":"11"},"event":{"count":1,"data":{"created":1560877705027,"duration_grouped":"7","duration_s":7},"id":"ide.freeze"}}
{"recorder_version":"11","session":"55a171c84d24","build":"191.7479.30","bucket":"129","time":1560877707840,"group":{"id":"ui.dialogs","version":"11"},"event":{"count":1,"data":{"created":1560877707840,"plugin_type":"PLATFORM","type":"show"},"id":"com.intellij.openapi.progress.util.ProgressDialog$MyDialogWrapper"}}
{"recorder_version":"11","session":"55a171c84d24","build":"191.7479.30","bucket":"129","time":1560877709268,"group":{"id":"ui.dialogs","version":"11"},"event":{"count":1,"data":{"code":1,"created":1560877709268,"plugin_type":"PLATFORM","type":"close"},"id":"com.intellij.openapi.progress.util.ProgressDialog$MyDialogWrapper"}}
{"recorder_version":"11","session":"55a171c84d24","build":"191.7479.30","bucket":"129","time":1560877709306,"group":{"id":"lifecycle","version":"11"},"event":{"count":1,"data":{"created":1560877709306,"project":"9c3fffe4b7653c4320b086545a25136f32031826843ae85c0f9343ca44694f6f"},"id":"project.opened"}}
{"recorder_version":"11","session":"55a171c84d24","build":"191.7479.30","bucket":"129","time":1560877710563,"group":{"id":"performance","version":"11"},"event":{"count":1,"data":{"duration_ms":534,"created":1560877710563},"id":"ui.lagging"}}
{"recorder_version":"11","session":"55a171c84d24","build":"191.7479.30","bucket":"129","time":1560877710680,"group":{"id":"ui.dialogs","version":"11"},"event":{"count":1,"data":{"created":1560877710680,"plugin_type":"PLATFORM","type":"show"},"id":"com.intellij.openapi.progress.util.ProgressDialog$MyDialogWrapper"}}
{"recorder_version":"11","session":"55a171c84d24","build":"191.7479.30","bucket":"129","time":1560877711210,"group":{"id":"performance","version":"11"},"event":{"count":1,"data":{"duration_ms":181,"created":1560877711210},"id":"ui.lagging"}}
{"recorder_version":"11","session":"55a171c84d24","build":"191.7479.30","bucket":"129","time":1560877712699,"group":{"id":"performance","version":"11"},"event":{"count":1,"data":{"duration_ms":670,"created":1560877712700},"id":"ui.lagging"}}
{"recorder_version":"11","session":"55a171c84d24","build":"191.7479.30","bucket":"129","time":1560877713475,"group":{"id":"toolwindow","version":"11"},"event":{"count":2,"data":{"os":"Linux","plugin":"org.jetbrains.plugins.terminal","last":1560877713709,"created":1560877713475,"plugin_type":"JB_BUNDLED"},"id":"Terminal"}}
{"recorder_version":"11","session":"55a171c84d24","build":"191.7479.30","bucket":"129","time":1560877713987,"group":{"id":"performance","version":"11"},"event":{"count":1,"data":{"duration_ms":958,"created":1560877713987},"id":"ui.lagging"}}
{"recorder_version":"11","session":"55a171c84d24","build":"191.7479.30","bucket":"129","time":1560877714372,"group":{"id":"performance","version":"11"},"event":{"count":1,"data":{"duration_ms":341,"created":1560877714372},"id":"ui.lagging"}}
{"recorder_version":"11","session":"55a171c84d24","build":"191.7479.30","bucket":"129","time":1560877714415,"group":{"id":"ui.tips","version":"1"},"event":{"count":1,"data":{"created":1560877714415},"id":"shown.automatically"}}
{"recorder_version":"11","session":"55a171c84d24","build":"191.7479.30","bucket":"129","time":1560877714527,"group":{"id":"ui.dialogs","version":"11"},"event":{"count":1,"data":{"created":1560877714527,"plugin_type":"PLATFORM","type":"show"},"id":"com.intellij.ide.util.TipDialog"}}
{"recorder_version":"11","session":"55a171c84d24","build":"191.7479.30","bucket":"129","time":1560877714958,"group":{"id":"ui.dialogs","version":"11"},"event":{"count":1,"data":{"code":1,"created":1560877714960,"plugin_type":"PLATFORM","type":"close"},"id":"com.intellij.openapi.progress.util.ProgressDialog$MyDialogWrapper"}}
{"recorder_version":"11","session":"55a171c84d24","build":"191.7479.30","bucket":"129","time":1560877714983,"group":{"id":"terminalShell","version":"1"},"event":{"count":1,"data":{"os-version":"5.0","os":"Linux","shell":"bash","created":1560877714983,"project":"9c3fffe4b7653c4320b086545a25136f32031826843ae85c0f9343ca44694f6f"},"id":"local.exec"}}
{"recorder_version":"11","session":"55a171c84d24","build":"191.7479.30","bucket":"129","time":1560877715454,"group":{"id":"project.fs","version":"1"},"event":{"state":true,"data":{"os":"Linux","cs-project":true,"created":1560877715454,"project":"9c3fffe4b7653c4320b086545a25136f32031826843ae85c0f9343ca44694f6f","cs-implicit":true,"cs-system":true},"id":"case-sensitivity"}}
{"recorder_version":"11","session":"55a171c84d24","build":"191.7479.30","bucket":"129","time":1560877715454,"group":{"id":"project.fs","version":"1"},"event":{"state":true,"data":{"created":1560877715456},"id":"invoked"}}
{"recorder_version":"11","session":"55a171c84d24","build":"191.7479.30","bucket":"129","time":1560877715455,"group":{"id":"project.fs","version":"1"},"event":{"state":true,"data":{"pct-non-watched":0,"created":1560877715456,"project":"9c3fffe4b7653c4320b086545a25136f32031826843ae85c0f9343ca44694f6f"},"id":"roots-watched"}}
{"recorder_version":"11","session":"55a171c84d24","build":"191.7479.30","bucket":"129","time":1560877715455,"group":{"id":"project.fs","version":"1"},"event":{"state":true,"data":{"created":1560877715457},"id":"invoked"}}
{"recorder_version":"11","session":"55a171c84d24","build":"191.7479.30","bucket":"129","time":1560877716260,"group":{"id":"performance","version":"11"},"event":{"count":1,"data":{"duration_ms":229,"created":1560877716260},"id":"ui.lagging"}}
{"recorder_version":"11","session":"55a171c84d24","build":"191.7479.30","bucket":"129","time":1560877716534,"group":{"id":"lifecycle","version":"11"},"event":{"count":1,"data":{"created":1560877716534,"time_ms":9204,"project":"9c3fffe4b7653c4320b086545a25136f32031826843ae85c0f9343ca44694f6f"},"id":"project.opening.finished"}}
{"recorder_version":"11","session":"55a171c84d24","build":"191.7479.30","bucket":"129","time":1560877717694,"group":{"id":"ui.dialogs","version":"11"},"event":{"count":1,"data":{"code":1,"created":1560877717694,"plugin_type":"PLATFORM","type":"close"},"id":"com.intellij.ide.util.TipDialog"}}
{"recorder_version":"11","session":"55a171c84d24","build":"191.7479.30","bucket":"129","time":1560877724154,"group":{"id":"performance","version":"11"},"event":{"count":1,"data":{"duration_ms":122,"created":1560877724154},"id":"ui.lagging"}}
{"recorder_version":"11","session":"55a171c84d24","build":"191.7479.30","bucket":"129","time":1560877805071,"group":{"id":"performance","version":"11"},"event":{"count":1,"data":{"duration_ms":1,"created":1560877805071},"id":"ui.latency"}}
{"recorder_version":"11","session":"55a171c84d24","build":"191.7479.30","bucket":"129","time":1560877905110,"group":{"id":"performance","version":"11"},"event":{"count":1,"data":{"duration_ms":0,"created":1560877905110},"id":"ui.latency"}}
{"recorder_version":"11","session":"55a171c84d24","build":"191.7479.30","bucket":"129","time":1560878003393,"group":{"id":"file.types.usage","version":"11"},"event":{"count":1,"data":{"created":1560878003393},"id":"registered"}}
{"recorder_version":"11","session":"55a171c84d24","build":"191.7479.30","bucket":"129","time":1560878003393,"group":{"id":"actions.runAnything","version":"1"},"event":{"count":1,"data":{"created":1560878003393},"id":"registered"}}
{"recorder_version":"11","session":"55a171c84d24","build":"191.7479.30","bucket":"129","time":1560878003393,"group":{"id":"toolwindow","version":"11"},"event":{"count":1,"data":{"created":1560878003393},"id":"registered"}}
{"recorder_version":"11","session":"55a171c84d24","build":"191.7479.30","bucket":"129","time":1560878003393,"group":{"id":"intentions","version":"11"},"event":{"count":1,"data":{"created":1560878003394},"id":"registered"}}
{"recorder_version":"11","session":"55a171c84d24","build":"191.7479.30","bucket":"129","time":1560878003393,"group":{"id":"live.templates","version":"11"},"event":{"count":1,"data":{"created":1560878003394},"id":"registered"}}
{"recorder_version":"11","session":"55a171c84d24","build":"191.7479.30","bucket":"129","time":1560878003393,"group":{"id":"ui.dialogs","version":"11"},"event":{"count":1,"data":{"created":1560878003394},"id":"registered"}}
{"recorder_version":"11","session":"55a171c84d24","build":"191.7479.30","bucket":"129","time":1560878003393,"group":{"id":"vcs.back.forward.trigger","version":"1"},"event":{"count":1,"data":{"created":1560878003394},"id":"registered"}}
{"recorder_version":"11","session":"55a171c84d24","build":"191.7479.30","bucket":"129","time":1560878003393,"group":{"id":"ide.self.update","version":"1"},"event":{"count":1,"data":{"created":1560878003394},"id":"registered"}}
{"recorder_version":"11","session":"55a171c84d24","build":"191.7479.30","bucket":"129","time":1560878003393,"group":{"id":"lifecycle","version":"11"},"event":{"count":1,"data":{"created":1560878003394},"id":"registered"}}
{"recorder_version":"11","session":"55a171c84d24","build":"191.7479.30","bucket":"129","time":1560878003393,"group":{"id":"toolbar","version":"11"},"event":{"count":1,"data":{"created":1560878003395},"id":"registered"}}
{"recorder_version":"11","session":"55a171c84d24","build":"191.7479.30","bucket":"129","time":1560878003393,"group":{"id":"vcs.diff.trigger","version":"1"},"event":{"count":1,"data":{"created":1560878003395},"id":"registered"}}
{"recorder_version":"11","session":"55a171c84d24","build":"191.7479.30","bucket":"129","time":1560878003393,"group":{"id":"performance","version":"11"},"event":{"count":1,"data":{"created":1560878003395},"id":"registered"}}
{"recorder_version":"11","session":"55a171c84d24","build":"191.7479.30","bucket":"129","time":1560878003393,"group":{"id":"vcs.log.trigger","version":"1"},"event":{"count":1,"data":{"created":1560878003395},"id":"registered"}}
{"recorder_version":"11","session":"55a171c84d24","build":"191.7479.30","bucket":"129","time":1560878003393,"group":{"id":"productivity","version":"11"},"event":{"count":1,"data":{"created":1560878003395},"id":"registered"}}
{"recorder_version":"11","session":"55a171c84d24","build":"191.7479.30","bucket":"129","time":1560878003393,"group":{"id":"debugger.breakpoints.usage","version":"1"},"event":{"count":1,"data":{"created":1560878003396},"id":"registered"}}
{"recorder_version":"11","session":"55a171c84d24","build":"191.7479.30","bucket":"129","time":1560878003393,"group":{"id":"searchEverywhere","version":"1"},"event":{"count":1,"data":{"created":1560878003396},"id":"registered"}}
{"recorder_version":"11","session":"55a171c84d24","build":"191.7479.30","bucket":"129","time":1560878003393,"group":{"id":"ui.tips","version":"1"},"event":{"count":1,"data":{"created":1560878003396},"id":"registered"}}
{"recorder_version":"11","session":"55a171c84d24","build":"191.7479.30","bucket":"129","time":1560878003393,"group":{"id":"import.old.config","version":"1"},"event":{"count":1,"data":{"created":1560878003396},"id":"registered"}}
{"recorder_version":"11","session":"55a171c84d24","build":"191.7479.30","bucket":"129","time":1560878003393,"group":{"id":"json.schema","version":"1"},"event":{"count":1,"data":{"created":1560878003396},"id":"registered"}}
{"recorder_version":"11","session":"55a171c84d24","build":"191.7479.30","bucket":"129","time":1560878003393,"group":{"id":"terminalShell","version":"1"},"event":{"count":1,"data":{"created":1560878003396},"id":"registered"}}
{"recorder_version":"11","session":"55a171c84d24","build":"191.7479.30","bucket":"129","time":1560878003393,"group":{"id":"completion.postfix","version":"11"},"event":{"count":1,"data":{"created":1560878003396},"id":"registered"}}
{"recorder_version":"11","session":"55a171c84d24","build":"191.7479.30","bucket":"129","time":1560878003393,"group":{"id":"actions","version":"11"},"event":{"count":1,"data":{"created":1560878003397},"id":"registered"}}
{"recorder_version":"11","session":"55a171c84d24","build":"191.7479.30","bucket":"129","time":1560878003393,"group":{"id":"run.configuration.exec","version":"11"},"event":{"count":1,"data":{"created":1560878003397},"id":"registered"}}
{"recorder_version":"11","session":"55a171c84d24","build":"191.7479.30","bucket":"129","time":1560878005146,"group":{"id":"performance","version":"11"},"event":{"count":1,"data":{"duration_ms":0,"created":1560878005146},"id":"ui.latency"}}
{"recorder_version":"11","session":"55a171c84d24","build":"191.7479.30","bucket":"129","time":1560878105179,"group":{"id":"performance","version":"11"},"event":{"count":1,"data":{"duration_ms":1,"created":1560878105179},"id":"ui.latency"}}
{"recorder_version":"11","session":"55a171c84d24","build":"191.7479.30","bucket":"129","time":1560878205219,"group":{"id":"performance","version":"11"},"event":{"count":1,"data":{"duration_ms":0,"created":1560878205219},"id":"ui.latency"}}
{"recorder_version":"11","session":"55a171c84d24","build":"191.7479.30","bucket":"129","time":1560878305261,"group":{"id":"performance","version":"11"},"event":{"count":1,"data":{"duration_ms":0,"created":1560878305262},"id":"ui.latency"}}
{"recorder_version":"11","session":"55a171c84d24","build":"191.7479.30","bucket":"129","time":1560878405300,"group":{"id":"performance","version":"11"},"event":{"count":1,"data":{"duration_ms":0,"created":1560878405300},"id":"ui.latency"}}
{"recorder_version":"11","session":"55a171c84d24","build":"191.7479.30","bucket":"129","time":1560878505339,"group":{"id":"performance","version":"11"},"event":{"count":1,"data":{"duration_ms":1,"created":1560878505339},"id":"ui.latency"}}
{"recorder_version":"11","session":"55a171c84d24","build":"191.7479.30","bucket":"129","time":1560878601206,"group":{"id":"vcs.diff","version":"1"},"event":{"state":true,"data":{"created":1560878601207},"id":"show.warnings.policy.TestsFiledAssertions.inspections"}}
{"recorder_version":"11","session":"55a171c84d24","build":"191.7479.30","bucket":"129","time":1560878601207,"group":{"id":"vcs.diff","version":"1"},"event":{"state":true,"data":{"created":1560878601207},"id":"use.unified.diff.Default.disabled"}}
{"recorder_version":"11","session":"55a171c84d24","build":"191.7479.30","bucket":"129","time":1560878601207,"group":{"id":"vcs.diff","version":"1"},"event":{"state":true,"data":{"created":1560878601207},"id":"collapse.unchanged.VcsLogView.enabled"}}
{"recorder_version":"11","session":"55a171c84d24","build":"191.7479.30","bucket":"129","time":1560878601207,"group":{"id":"vcs.diff","version":"1"},"event":{"state":true,"data":{"created":1560878601208},"id":"ignore.policy.Default.default"}}
{"recorder_version":"11","session":"55a171c84d24","build":"191.7479.30","bucket":"129","time":1560878601207,"group":{"id":"vcs.diff","version":"1"},"event":{"state":true,"data":{"created":1560878601208},"id":"use.soft.wraps.Merge.disabled"}}
{"recorder_version":"11","session":"55a171c84d24","build":"191.7479.30","bucket":"129","time":1560878601207,"group":{"id":"vcs.diff","version":"1"},"event":{"state":true,"data":{"created":1560878601208},"id":"show.line.numbers.TestsFiledAssertions.enabled"}}
{"recorder_version":"11","session":"55a171c84d24","build":"191.7479.30","bucket":"129","time":1560878601207,"group":{"id":"vcs.diff","version":"1"},"event":{"state":true,"data":{"created":1560878601208},"id":"show.line.numbers.ChangesView.enabled"}}
{"recorder_version":"11","session":"55a171c84d24","build":"191.7479.30","bucket":"129","time":1560878601207,"group":{"id":"vcs.diff","version":"1"},"event":{"state":true,"data":{"created":1560878601209},"id":"ignore.policy.VcsLogView.default"}}
{"recorder_version":"11","session":"55a171c84d24","build":"191.7479.30","bucket":"129","time":1560878601207,"group":{"id":"vcs.diff","version":"1"},"event":{"state":true,"data":{"created":1560878601209},"id":"highlight.policy.VcsLogView.by_word"}}
{"recorder_version":"11","session":"55a171c84d24","build":"191.7479.30","bucket":"129","time":1560878601207,"group":{"id":"vcs.diff","version":"1"},"event":{"state":true,"data":{"created":1560878601209},"id":"use.soft.wraps.TestsFiledAssertions.disabled"}}
{"recorder_version":"11","session":"55a171c84d24","build":"191.7479.30","bucket":"129","time":1560878601207,"group":{"id":"vcs.diff","version":"1"},"event":{"state":true,"data":{"created":1560878601209},"id":"show.warnings.policy.ChangesView.inspections"}}
{"recorder_version":"11","session":"55a171c84d24","build":"191.7479.30","bucket":"129","time":1560878601207,"group":{"id":"vcs.diff","version":"1"},"event":{"state":true,"data":{"created":1560878601210},"id":"use.soft.wraps.ChangesView.disabled"}}
{"recorder_version":"11","session":"55a171c84d24","build":"191.7479.30","bucket":"129","time":1560878601207,"group":{"id":"vcs.diff","version":"1"},"event":{"state":true,"data":{"created":1560878601210},"id":"use.soft.wraps.VcsLogView.disabled"}}
{"recorder_version":"11","session":"55a171c84d24","build":"191.7479.30","bucket":"129","time":1560878601207,"group":{"id":"vcs.diff","version":"1"},"event":{"state":true,"data":{"created":1560878601210},"id":"collapse.unchanged.Merge.disabled"}}
{"recorder_version":"11","session":"55a171c84d24","build":"191.7479.30","bucket":"129","time":1560878601207,"group":{"id":"vcs.diff","version":"1"},"event":{"state":true,"data":{"created":1560878601210},"id":"external.merge.disabled"}}
{"recorder_version":"11","session":"55a171c84d24","build":"191.7479.30","bucket":"129","time":1560878601207,"group":{"id":"vcs.diff","version":"1"},"event":{"state":true,"data":{"created":1560878601211},"id":"show.line.numbers.CommitDialog.enabled"}}
{"recorder_version":"11","session":"55a171c84d24","build":"191.7479.30","bucket":"129","time":1560878601207,"group":{"id":"vcs.diff","version":"1"},"event":{"state":true,"data":{"created":1560878601211},"id":"ignore.policy.TestsFiledAssertions.default"}}
{"recorder_version":"11","session":"55a171c84d24","build":"191.7479.30","bucket":"129","time":1560878601207,"group":{"id":"vcs.diff","version":"1"},"event":{"state":true,"data":{"created":1560878601211},"id":"show.warnings.policy.Merge.inspections"}}
{"recorder_version":"11","session":"55a171c84d24","build":"191.7479.30","bucket":"129","time":1560878601207,"group":{"id":"vcs.diff","version":"1"},"event":{"state":true,"data":{"created":1560878601211},"id":"show.line.numbers.Merge.enabled"}}
{"recorder_version":"11","session":"55a171c84d24","build":"191.7479.30","bucket":"129","time":1560878601207,"group":{"id":"vcs.diff","version":"1"},"event":{"state":true,"data":{"created":1560878601211},"id":"ignore.policy.Merge.default"}}
{"recorder_version":"11","session":"55a171c84d24","build":"191.7479.30","bucket":"129","time":1560878601207,"group":{"id":"vcs.diff","version":"1"},"event":{"state":true,"data":{"created":1560878601211},"id":"collapse.unchanged.ChangesView.enabled"}}
{"recorder_version":"11","session":"55a171c84d24","build":"191.7479.30","bucket":"129","time":1560878601207,"group":{"id":"vcs.diff","version":"1"},"event":{"state":true,"data":{"created":1560878601212},"id":"use.soft.wraps.CommitDialog.disabled"}}
{"recorder_version":"11","session":"55a171c84d24","build":"191.7479.30","bucket":"129","time":1560878601207,"group":{"id":"vcs.diff","version":"1"},"event":{"state":true,"data":{"created":1560878601212},"id":"use.unified.diff.TestsFiledAssertions.disabled"}}
{"recorder_version":"11","session":"55a171c84d24","build":"191.7479.30","bucket":"129","time":1560878601207,"group":{"id":"vcs.diff","version":"1"},"event":{"state":true,"data":{"created":1560878601212},"id":"use.unified.diff.CommitDialog.disabled"}}
{"recorder_version":"11","session":"55a171c84d24","build":"191.7479.30","bucket":"129","time":1560878601207,"group":{"id":"vcs.diff","version":"1"},"event":{"state":true,"data":{"created":1560878601212},"id":"show.warnings.policy.VcsLogView.inspections"}}
{"recorder_version":"11","session":"55a171c84d24","build":"191.7479.30","bucket":"129","time":1560878601207,"group":{"id":"vcs.diff","version":"1"},"event":{"state":true,"data":{"created":1560878601213},"id":"external.diff.disabled"}}
{"recorder_version":"11","session":"55a171c84d24","build":"191.7479.30","bucket":"129","time":1560878601207,"group":{"id":"vcs.diff","version":"1"},"event":{"state":true,"data":{"created":1560878601213},"id":"use.unified.diff.VcsLogView.enabled"}}
{"recorder_version":"11","session":"55a171c84d24","build":"191.7479.30","bucket":"129","time":1560878601207,"group":{"id":"vcs.diff","version":"1"},"event":{"state":true,"data":{"created":1560878601213},"id":"highlight.policy.ChangesView.by_word"}}
{"recorder_version":"11","session":"55a171c84d24","build":"191.7479.30","bucket":"129","time":1560878601207,"group":{"id":"vcs.diff","version":"1"},"event":{"state":true,"data":{"created":1560878601214},"id":"collapse.unchanged.Default.disabled"}}
{"recorder_version":"11","session":"55a171c84d24","build":"191.7479.30","bucket":"129","time":1560878601207,"group":{"id":"vcs.diff","version":"1"},"event":{"state":true,"data":{"created":1560878601214},"id":"collapse.unchanged.CommitDialog.enabled"}}
{"recorder_version":"11","session":"55a171c84d24","build":"191.7479.30","bucket":"129","time":1560878601207,"group":{"id":"vcs.diff","version":"1"},"event":{"state":true,"data":{"created":1560878601215},"id":"highlight.policy.CommitDialog.by_word"}}
{"recorder_version":"11","session":"55a171c84d24","build":"191.7479.30","bucket":"129","time":1560878601207,"group":{"id":"vcs.diff","version":"1"},"event":{"state":true,"data":{"created":1560878601216},"id":"show.warnings.policy.CommitDialog.inspections"}}
{"recorder_version":"11","session":"55a171c84d24","build":"191.7479.30","bucket":"129","time":1560878601207,"group":{"id":"vcs.diff","version":"1"},"event":{"state":true,"data":{"created":1560878601216},"id":"show.line.numbers.VcsLogView.enabled"}}
{"recorder_version":"11","session":"55a171c84d24","build":"191.7479.30","bucket":"129","time":1560878601207,"group":{"id":"vcs.diff","version":"1"},"event":{"state":true,"data":{"created":1560878601216},"id":"show.warnings.policy.Default.inspections"}}
{"recorder_version":"11","session":"55a171c84d24","build":"191.7479.30","bucket":"129","time":1560878601207,"group":{"id":"vcs.diff","version":"1"},"event":{"state":true,"data":{"created":1560878601216},"id":"highlight.policy.Merge.by_word"}}
{"recorder_version":"11","session":"55a171c84d24","build":"191.7479.30","bucket":"129","time":1560878601207,"group":{"id":"vcs.diff","version":"1"},"event":{"state":true,"data":{"created":1560878601216},"id":"use.soft.wraps.Default.disabled"}}
{"recorder_version":"11","session":"55a171c84d24","build":"191.7479.30","bucket":"129","time":1560878601207,"group":{"id":"vcs.diff","version":"1"},"event":{"state":true,"data":{"created":1560878601217},"id":"highlight.policy.Default.by_word"}}
{"recorder_version":"11","session":"55a171c84d24","build":"191.7479.30","bucket":"129","time":1560878601207,"group":{"id":"vcs.diff","version":"1"},"event":{"state":true,"data":{"created":1560878601217},"id":"use.unified.diff.ChangesView.disabled"}}
{"recorder_version":"11","session":"55a171c84d24","build":"191.7479.30","bucket":"129","time":1560878601207,"group":{"id":"vcs.diff","version":"1"},"event":{"state":true,"data":{"created":1560878601217},"id":"ignore.policy.CommitDialog.default"}}
{"recorder_version":"11","session":"55a171c84d24","build":"191.7479.30","bucket":"129","time":1560878601207,"group":{"id":"vcs.diff","version":"1"},"event":{"state":true,"data":{"created":1560878601217},"id":"enable.read.lock.CommitDialog.enabled"}}
{"recorder_version":"11","session":"55a171c84d24","build":"191.7479.30","bucket":"129","time":1560878601207,"group":{"id":"vcs.diff","version":"1"},"event":{"state":true,"data":{"created":1560878601218},"id":"external.diff.default.disabled"}}
{"recorder_version":"11","session":"55a171c84d24","build":"191.7479.30","bucket":"129","time":1560878601207,"group":{"id":"vcs.diff","version":"1"},"event":{"state":true,"data":{"created":1560878601218},"id":"show.line.numbers.Default.enabled"}}
{"recorder_version":"11","session":"55a171c84d24","build":"191.7479.30","bucket":"129","time":1560878601207,"group":{"id":"vcs.diff","version":"1"},"event":{"state":true,"data":{"created":1560878601218},"id":"collapse.unchanged.TestsFiledAssertions.disabled"}}
{"recorder_version":"11","session":"55a171c84d24","build":"191.7479.30","bucket":"129","time":1560878601207,"group":{"id":"vcs.diff","version":"1"},"event":{"state":true,"data":{"created":1560878601218},"id":"highlight.policy.TestsFiledAssertions.by_word"}}
{"recorder_version":"11","session":"55a171c84d24","build":"191.7479.30","bucket":"129","time":1560878601207,"group":{"id":"vcs.diff","version":"1"},"event":{"state":true,"data":{"created":1560878601218},"id":"iterate.next.file.enabled"}}
{"recorder_version":"11","session":"55a171c84d24","build":"191.7479.30","bucket":"129","time":1560878601207,"group":{"id":"vcs.diff","version":"1"},"event":{"state":true,"data":{"created":1560878601219},"id":"ignore.policy.ChangesView.default"}}
{"recorder_version":"11","session":"55a171c84d24","build":"191.7479.30","bucket":"129","time":1560878601207,"group":{"id":"vcs.diff","version":"1"},"event":{"state":true,"data":{"created":1560878601219},"id":"use.unified.diff.Merge.disabled"}}
{"recorder_version":"11","session":"55a171c84d24","build":"191.7479.30","bucket":"129","time":1560878601207,"group":{"id":"vcs.diff","version":"1"},"event":{"state":true,"data":{"created":1560878601219},"id":"invoked"}}
{"recorder_version":"11","session":"55a171c84d24","build":"191.7479.30","bucket":"129","time":1560878601207,"group":{"id":"ui.accessibility.screen.reader","version":"1"},"event":{"state":true,"data":{"os":"Linux","created":1560878601219},"id":"screen.reader.DISABLED"}}
{"recorder_version":"11","session":"55a171c84d24","build":"191.7479.30","bucket":"129","time":1560878601207,"group":{"id":"ui.accessibility.screen.reader","version":"1"},"event":{"state":true,"data":{"created":1560878601220},"id":"invoked"}}
{"recorder_version":"11","session":"55a171c84d24","build":"191.7479.30","bucket":"129","time":1560878601208,"group":{"id":"ui.info.features","version":"1"},"event":{"state":true,"data":{"grouped":"[30_50]","os":"Linux","created":1560878601220},"id":"recent.files"}}
{"recorder_version":"11","session":"55a171c84d24","build":"191.7479.30","bucket":"129","time":1560878601208,"group":{"id":"ui.info.features","version":"1"},"event":{"state":true,"data":{"os":"Linux","created":1560878601220},"id":"Gutter.Icons"}}
{"recorder_version":"11","session":"55a171c84d24","build":"191.7479.30","bucket":"129","time":1560878601208,"group":{"id":"ui.info.features","version":"1"},"event":{"state":true,"data":{"os":"Linux","created":1560878601220},"id":"Tool.Window.buttons.hidden"}}
{"recorder_version":"11","session":"55a171c84d24","build":"191.7479.30","bucket":"129","time":1560878601208,"group":{"id":"ui.info.features","version":"1"},"event":{"state":true,"data":{"os":"Linux","created":1560878601221},"id":"Status.bar.visible"}}
{"recorder_version":"11","session":"55a171c84d24","build":"191.7479.30","bucket":"129","time":1560878601208,"group":{"id":"ui.info.features","version":"1"},"event":{"state":true,"data":{"os":"Linux","created":1560878601221},"id":"Toolbar.hidden"}}
{"recorder_version":"11","session":"55a171c84d24","build":"191.7479.30","bucket":"129","time":1560878601208,"group":{"id":"ui.info.features","version":"1"},"event":{"state":true,"data":{"os":"Linux","created":1560878601221},"id":"Recent.Files[30_50]"}}
{"recorder_version":"11","session":"55a171c84d24","build":"191.7479.30","bucket":"129","time":1560878601208,"group":{"id":"ui.info.features","version":"1"},"event":{"state":true,"data":{"os":"Linux","created":1560878601221},"id":"Nav.Bar.visible"}}
{"recorder_version":"11","session":"55a171c84d24","build":"191.7479.30","bucket":"129","time":1560878601208,"group":{"id":"ui.info.features","version":"1"},"event":{"state":true,"data":{"os":"Linux","created":1560878601222},"id":"Allow.merging.buttons.enabled"}}
{"recorder_version":"11","session":"55a171c84d24","build":"191.7479.30","bucket":"129","time":1560878601208,"group":{"id":"ui.info.features","version":"1"},"event":{"state":true,"data":{"os":"Linux","created":1560878601222},"id":"Tabs.Top"}}
{"recorder_version":"11","session":"55a171c84d24","build":"191.7479.30","bucket":"129","time":1560878601208,"group":{"id":"ui.info.features","version":"1"},"event":{"state":true,"data":{"os":"Linux","created":1560878601222},"id":"Toolbar.and.NavBar"}}
{"recorder_version":"11","session":"55a171c84d24","build":"191.7479.30","bucket":"129","time":1560878601208,"group":{"id":"ui.info.features","version":"1"},"event":{"state":true,"data":{"os":"Linux","created":1560878601222},"id":"Line.Numbers"}}
{"recorder_version":"11","session":"55a171c84d24","build":"191.7479.30","bucket":"129","time":1560878601208,"group":{"id":"ui.info.features","version":"1"},"event":{"state":true,"data":{"os":"Linux","created":1560878601223},"id":"Show.tips.on.startup"}}
{"recorder_version":"11","session":"55a171c84d24","build":"191.7479.30","bucket":"129","time":1560878601208,"group":{"id":"ui.info.features","version":"1"},"event":{"state":true,"data":{"created":1560878601223},"id":"invoked"}}
{"recorder_version":"11","session":"55a171c84d24","build":"191.7479.30","bucket":"129","time":1560878601208,"group":{"id":"vcs.log.index.application","version":"1"},"event":{"state":true,"data":{"created":1560878601223},"id":"invoked"}}
{"recorder_version":"11","session":"55a171c84d24","build":"191.7479.30","bucket":"129","time":1560878601209,"group":{"id":"vcs.github","version":"1"},"event":{"state":true,"data":{"created":1560878601223},"id":"github.accounts.count.0"}}
{"recorder_version":"11","session":"55a171c84d24","build":"191.7479.30","bucket":"129","time":1560878601209,"group":{"id":"vcs.github","version":"1"},"event":{"state":true,"data":{"created":1560878601224},"id":"github.accounts.not.default.host.disabled"}}
{"recorder_version":"11","session":"55a171c84d24","build":"191.7479.30","bucket":"129","time":1560878601209,"group":{"id":"vcs.github","version":"1"},"event":{"state":true,"data":{"created":1560878601224},"id":"invoked"}}
{"recorder_version":"11","session":"55a171c84d24","build":"191.7479.30","bucket":"129","time":1560878601229,"group":{"id":"ui.screen.scale","version":"1"},"event":{"state":true,"data":{"os":"Linux","created":1560878601229},"id":"2.0"}}
{"recorder_version":"11","session":"55a171c84d24","build":"191.7479.30","bucket":"129","time":1560878601229,"group":{"id":"ui.screen.scale","version":"1"},"event":{"state":true,"data":{"created":1560878601229},"id":"invoked"}}
{"recorder_version":"11","session":"55a171c84d24","build":"191.7479.30","bucket":"129","time":1560878601235,"group":{"id":"platform.registry.application","version":"1"},"event":{"state":true,"data":{"created":1560878601236},"id":"linux.native.menu"}}
{"recorder_version":"11","session":"55a171c84d24","build":"191.7479.30","bucket":"129","time":1560878601236,"group":{"id":"platform.registry.application","version":"1"},"event":{"state":true,"data":{"created":1560878601236},"id":"recent.and.edited.files.together"}}
{"recorder_version":"11","session":"55a171c84d24","build":"191.7479.30","bucket":"129","time":1560878601236,"group":{"id":"platform.registry.application","version":"1"},"event":{"state":true,"data":{"created":1560878601236},"id":"inline.browse.button"}}
{"recorder_version":"11","session":"55a171c84d24","build":"191.7479.30","bucket":"129","time":1560878601236,"group":{"id":"platform.registry.application","version":"1"},"event":{"state":true,"data":{"created":1560878601236},"id":"invoked"}}
{"recorder_version":"11","session":"55a171c84d24","build":"191.7479.30","bucket":"129","time":1560878601236,"group":{"id":"user.advanced.info","version":"1"},"event":{"state":true,"data":{"created":1560878601236},"id":"release"}}
{"recorder_version":"11","session":"55a171c84d24","build":"191.7479.30","bucket":"129","time":1560878601236,"group":{"id":"user.advanced.info","version":"1"},"event":{"state":true,"data":{"created":1560878601237},"id":"invoked"}}
{"recorder_version":"11","session":"55a171c84d24","build":"191.7479.30","bucket":"129","time":1560878601236,"group":{"id":"keymaps.name","version":"1"},"event":{"state":true,"data":{"os":"Linux","created":1560878601237},"id":"Default_for_GNOME"}}
{"recorder_version":"11","session":"55a171c84d24","build":"191.7479.30","bucket":"129","time":1560878601236,"group":{"id":"keymaps.name","version":"1"},"event":{"state":true,"data":{"created":1560878601237},"id":"invoked"}}
{"recorder_version":"11","session":"55a171c84d24","build":"191.7479.30","bucket":"129","time":1560878601237,"group":{"id":"plugins.disabled","version":"1"},"event":{"state":true,"data":{"created":1560878601238},"id":"mobi.hsz.idea.gitignore"}}
{"recorder_version":"11","session":"55a171c84d24","build":"191.7479.30","bucket":"129","time":1560878601237,"group":{"id":"plugins.disabled","version":"1"},"event":{"state":true,"data":{"created":1560878601238},"id":"com.vladsch.idea.multimarkdown"}}
{"recorder_version":"11","session":"55a171c84d24","build":"191.7479.30","bucket":"129","time":1560878601237,"group":{"id":"plugins.disabled","version":"1"},"event":{"state":true,"data":{"created":1560878601238},"id":"invoked"}}
{"recorder_version":"11","session":"55a171c84d24","build":"191.7479.30","bucket":"129","time":1560878601237,"group":{"id":"ui.hidpi.mode","version":"1"},"event":{"state":true,"data":{"os":"Linux","created":1560878601238},"id":"per_monitor_dpi"}}
{"recorder_version":"11","session":"55a171c84d24","build":"191.7479.30","bucket":"129","time":1560878601237,"group":{"id":"ui.hidpi.mode","version":"1"},"event":{"state":true,"data":{"created":1560878601238},"id":"invoked"}}
{"recorder_version":"11","session":"55a171c84d24","build":"191.7479.30","bucket":"129","time":1560878601239,"group":{"id":"plugins.non.bundled","version":"1"},"event":{"state":true,"data":{"created":1560878601239},"id":"com.intellij.ideolog"}}
{"recorder_version":"11","session":"55a171c84d24","build":"191.7479.30","bucket":"129","time":1560878601239,"group":{"id":"plugins.non.bundled","version":"1"},"event":{"state":true,"data":{"created":1560878601239},"id":"izhangzhihao.rainbow.brackets"}}
{"recorder_version":"11","session":"55a171c84d24","build":"191.7479.30","bucket":"129","time":1560878601239,"group":{"id":"plugins.non.bundled","version":"1"},"event":{"state":true,"data":{"created":1560878601239},"id":"net.seesharpsoft.intellij.plugins.csv"}}
{"recorder_version":"11","session":"55a171c84d24","build":"191.7479.30","bucket":"129","time":1560878601239,"group":{"id":"plugins.non.bundled","version":"1"},"event":{"state":true,"data":{"created":1560878601239},"id":"BashSupport"}}
{"recorder_version":"11","session":"55a171c84d24","build":"191.7479.30","bucket":"129","time":1560878601239,"group":{"id":"plugins.non.bundled","version":"1"},"event":{"state":true,"data":{"created":1560878601239},"id":"Key_Promoter_X"}}
{"recorder_version":"11","session":"55a171c84d24","build":"191.7479.30","bucket":"129","time":1560878601239,"group":{"id":"plugins.non.bundled","version":"1"},"event":{"state":true,"data":{"created":1560878601240},"id":"R4Intellij"}}
{"recorder_version":"11","session":"55a171c84d24","build":"191.7479.30","bucket":"129","time":1560878601239,"group":{"id":"plugins.non.bundled","version":"1"},"event":{"state":true,"data":{"created":1560878601240},"id":"Docker"}}
{"recorder_version":"11","session":"55a171c84d24","build":"191.7479.30","bucket":"129","time":1560878601239,"group":{"id":"plugins.non.bundled","version":"1"},"event":{"state":true,"data":{"created":1560878601240},"id":"ru.adelf.idea.dotenv"}}
{"recorder_version":"11","session":"55a171c84d24","build":"191.7479.30","bucket":"129","time":1560878601239,"group":{"id":"plugins.non.bundled","version":"1"},"event":{"state":true,"data":{"created":1560878601240},"id":"some.awesome"}}
{"recorder_version":"11","session":"55a171c84d24","build":"191.7479.30","bucket":"129","time":1560878601239,"group":{"id":"plugins.non.bundled","version":"1"},"event":{"state":true,"data":{"created":1560878601241},"id":"com.jetbrains.plugins.ini4idea"}}
{"recorder_version":"11","session":"55a171c84d24","build":"191.7479.30","bucket":"129","time":1560878601239,"group":{"id":"plugins.non.bundled","version":"1"},"event":{"state":true,"data":{"created":1560878601241},"id":"org.sylfra.idea.plugins.linessorter"}}
{"recorder_version":"11","session":"55a171c84d24","build":"191.7479.30","bucket":"129","time":1560878601239,"group":{"id":"plugins.non.bundled","version":"1"},"event":{"state":true,"data":{"created":1560878601241},"id":"com.godwin.json.parser"}}
{"recorder_version":"11","session":"55a171c84d24","build":"191.7479.30","bucket":"129","time":1560878601239,"group":{"id":"plugins.non.bundled","version":"1"},"event":{"state":true,"data":{"created":1560878601241},"id":"invoked"}}
{"recorder_version":"11","session":"55a171c84d24","build":"191.7479.30","bucket":"129","time":1560878601240,"group":{"id":"os.linux.wm","version":"1"},"event":{"state":true,"data":{"os":"Linux","created":1560878601241},"id":"Unknown"}}
{"recorder_version":"11","session":"55a171c84d24","build":"191.7479.30","bucket":"129","time":1560878601240,"group":{"id":"os.linux.wm","version":"1"},"event":{"state":true,"data":{"created":1560878601242},"id":"invoked"}}
{"recorder_version":"11","session":"55a171c84d24","build":"191.7479.30","bucket":"129","time":1560878601257,"group":{"id":"editor.settings.ide","version":"1"},"event":{"state":true,"data":{"created":1560878601257},"id":"reformatOnPaste.1"}}
{"recorder_version":"11","session":"55a171c84d24","build":"191.7479.30","bucket":"129","time":1560878601257,"group":{"id":"editor.settings.ide","version":"1"},"event":{"state":true,"data":{"created":1560878601257},"id":"invoked"}}
{"recorder_version":"11","session":"55a171c84d24","build":"191.7479.30","bucket":"129","time":1560878601257,"group":{"id":"ui.fonts","version":"1"},"event":{"state":true,"data":{"os":"Linux","created":1560878601257},"id":"Presentation.mode.font.size[24]"}}
{"recorder_version":"11","session":"55a171c84d24","build":"191.7479.30","bucket":"129","time":1560878601257,"group":{"id":"ui.fonts","version":"1"},"event":{"state":true,"data":{"os":"Linux","created":1560878601258},"id":"UI.font.name[Ubuntu]"}}
{"recorder_version":"11","session":"55a171c84d24","build":"191.7479.30","bucket":"129","time":1560878601257,"group":{"id":"ui.fonts","version":"1"},"event":{"state":true,"data":{"os":"Linux","created":1560878601258},"id":"IDE.editor.font.name[DejaVu_Sans_Mono]"}}
{"recorder_version":"11","session":"55a171c84d24","build":"191.7479.30","bucket":"129","time":1560878601257,"group":{"id":"ui.fonts","version":"1"},"event":{"state":true,"data":{"os":"Linux","created":1560878601258},"id":"IDE.editor.font.size[18]"}}
{"recorder_version":"11","session":"55a171c84d24","build":"191.7479.30","bucket":"129","time":1560878601257,"group":{"id":"ui.fonts","version":"1"},"event":{"state":true,"data":{"os":"Linux","created":1560878601258},"id":"UI.font.size[20]"}}
{"recorder_version":"11","session":"55a171c84d24","build":"191.7479.30","bucket":"129","time":1560878601257,"group":{"id":"ui.fonts","version":"1"},"event":{"state":true,"data":{"created":1560878601259},"id":"invoked"}}
{"recorder_version":"11","session":"55a171c84d24","build":"191.7479.30","bucket":"129","time":1560878601257,"group":{"id":"ui.look.and.feel","version":"1"},"event":{"state":true,"data":{"os":"Linux","created":1560878601259},"id":"Darcula"}}
{"recorder_version":"11","session":"55a171c84d24","build":"191.7479.30","bucket":"129","time":1560878601257,"group":{"id":"ui.look.and.feel","version":"1"},"event":{"state":true,"data":{"created":1560878601259},"id":"invoked"}}
{"recorder_version":"11","session":"55a171c84d24","build":"191.7479.30","bucket":"129","time":1560878605378,"group":{"id":"performance","version":"11"},"event":{"count":1,"data":{"duration_ms":0,"created":1560878605378},"id":"ui.latency"}}
{"recorder_version":"11","session":"55a171c84d24","build":"191.7479.30","bucket":"129","time":1560878705415,"group":{"id":"performance","version":"11"},"event":{"count":1,"data":{"duration_ms":0,"created":1560878705415},"id":"ui.latency"}}
{"recorder_version":"11","session":"55a171c84d24","build":"191.7479.30","bucket":"129","time":1560878805453,"group":{"id":"performance","version":"11"},"event":{"count":1,"data":{"duration_ms":0,"created":1560878805453},"id":"ui.latency"}}
{"recorder_version":"11","session":"55a171c84d24","build":"191.7479.30","bucket":"129","time":1560878905491,"group":{"id":"performance","version":"11"},"event":{"count":1,"data":{"duration_ms":1,"created":1560878905491},"id":"ui.latency"}}
{"recorder_version":"11","session":"55a171c84d24","build":"191.7479.30","bucket":"129","time":1560879005531,"group":{"id":"performance","version":"11"},"event":{"count":1,"data":{"duration_ms":1,"created":1560879005531},"id":"ui.latency"}}
{"recorder_version":"11","session":"55a171c84d24","build":"191.7479.30","bucket":"129","time":1560879105568,"group":{"id":"performance","version":"11"},"event":{"count":1,"data":{"duration_ms":0,"created":1560879105568},"id":"ui.latency"}}
{"recorder_version":"11","session":"55a171c84d24","build":"191.7479.30","bucket":"129","time":1560879205606,"group":{"id":"performance","version":"11"},"event":{"count":1,"data":{"duration_ms":1,"created":1560879205606},"id":"ui.latency"}}
{"recorder_version":"11","session":"55a171c84d24","build":"191.7479.30","bucket":"129","time":1560879305644,"group":{"id":"performance","version":"11"},"event":{"count":1,"data":{"duration_ms":0,"created":1560879305644},"id":"ui.latency"}}
{"recorder_version":"11","session":"55a171c84d24","build":"191.7479.30","bucket":"129","time":1560879405679,"group":{"id":"performance","version":"11"},"event":{"count":1,"data":{"duration_ms":1,"created":1560879405679},"id":"ui.latency"}}
{"recorder_version":"11","session":"55a171c84d24","build":"191.7479.30","bucket":"129","time":1560879505714,"group":{"id":"performance","version":"11"},"event":{"count":1,"data":{"duration_ms":0,"created":1560879505714},"id":"ui.latency"}}
{"recorder_version":"11","session":"55a171c84d24","build":"191.7479.30","bucket":"129","time":1560879509453,"group":{"id":"vcs.log.index.project","version":"1"},"event":{"state":true,"data":{"os":"Linux","created":1560879509453,"project":"9c3fffe4b7653c4320b086545a25136f32031826843ae85c0f9343ca44694f6f"},"id":"resume.indexing.click.0"}}
{"recorder_version":"11","session":"55a171c84d24","build":"191.7479.30","bucket":"129","time":1560879509453,"group":{"id":"vcs.log.index.project","version":"1"},"event":{"state":true,"data":{"os":"Linux","created":1560879509454,"project":"9c3fffe4b7653c4320b086545a25136f32031826843ae85c0f9343ca44694f6f"},"id":"indexing.too.long.notification.0"}}
{"recorder_version":"11","session":"55a171c84d24","build":"191.7479.30","bucket":"129","time":1560879509453,"group":{"id":"vcs.log.index.project","version":"1"},"event":{"state":true,"data":{"os":"Linux","created":1560879509454,"project":"9c3fffe4b7653c4320b086545a25136f32031826843ae85c0f9343ca44694f6f"},"id":"indexing.time.minutes.0"}}
{"recorder_version":"11","session":"55a171c84d24","build":"191.7479.30","bucket":"129","time":1560879509453,"group":{"id":"vcs.log.index.project","version":"1"},"event":{"state":true,"data":{"created":1560879509454,"project":"9c3fffe4b7653c4320b086545a25136f32031826843ae85c0f9343ca44694f6f"},"id":"invoked"}}
{"recorder_version":"11","session":"55a171c84d24","build":"191.7479.30","bucket":"129","time":1560879509454,"group":{"id":"vcs.names","version":"1"},"event":{"state":true,"data":{"created":1560879509455,"project":"9c3fffe4b7653c4320b086545a25136f32031826843ae85c0f9343ca44694f6f"},"id":"Git"}}
{"recorder_version":"11","session":"55a171c84d24","build":"191.7479.30","bucket":"129","time":1560879509454,"group":{"id":"vcs.names","version":"1"},"event":{"state":true,"data":{"created":1560879509455,"project":"9c3fffe4b7653c4320b086545a25136f32031826843ae85c0f9343ca44694f6f"},"id":"invoked"}}
{"recorder_version":"11","session":"55a171c84d24","build":"191.7479.30","bucket":"129","time":1560879509457,"group":{"id":"python.packages.versions","version":"1"},"event":{"state":true,"data":{"created":1560879509457,"project":"9c3fffe4b7653c4320b086545a25136f32031826843ae85c0f9343ca44694f6f"},"id":"invoked"}}
{"recorder_version":"11","session":"55a171c84d24","build":"191.7479.30","bucket":"129","time":1560879509683,"group":{"id":"vcs.svn.format","version":"1"},"event":{"state":true,"data":{"created":1560879509684,"project":"9c3fffe4b7653c4320b086545a25136f32031826843ae85c0f9343ca44694f6f"},"id":"invoked"}}
{"recorder_version":"11","session":"55a171c84d24","build":"191.7479.30","bucket":"129","time":1560879509684,"group":{"id":"disabled.listed.tools","version":"2"},"event":{"state":true,"data":{"created":1560879509684,"project":"9c3fffe4b7653c4320b086545a25136f32031826843ae85c0f9343ca44694f6f"},"id":"invoked"}}
{"recorder_version":"11","session":"55a171c84d24","build":"191.7479.30","bucket":"129","time":1560879509690,"group":{"id":"vcs.log.ui","version":"1"},"event":{"state":true,"data":{"created":1560879509690,"project":"9c3fffe4b7653c4320b086545a25136f32031826843ae85c0f9343ca44694f6f"},"id":"invoked"}}
{"recorder_version":"11","session":"55a171c84d24","build":"191.7479.30","bucket":"129","time":1560879509692,"group":{"id":"debugger.breakpoints","version":"1"},"event":{"state":true,"data":{"created":1560879509692,"project":"9c3fffe4b7653c4320b086545a25136f32031826843ae85c0f9343ca44694f6f"},"id":"total.0"}}
{"recorder_version":"11","session":"55a171c84d24","build":"191.7479.30","bucket":"129","time":1560879509692,"group":{"id":"debugger.breakpoints","version":"1"},"event":{"state":true,"data":{"created":1560879509693,"project":"9c3fffe4b7653c4320b086545a25136f32031826843ae85c0f9343ca44694f6f"},"id":"invoked"}}
{"recorder_version":"11","session":"55a171c84d24","build":"191.7479.30","bucket":"129","time":1560879509698,"group":{"id":"vcs.options","version":"1"},"event":{"state":true,"data":{"created":1560879509698,"project":"9c3fffe4b7653c4320b086545a25136f32031826843ae85c0f9343ca44694f6f"},"id":"invoked"}}
{"recorder_version":"11","session":"55a171c84d24","build":"191.7479.30","bucket":"129","time":1560879509704,"group":{"id":"editor.settings.project","version":"1"},"event":{"state":true,"data":{"created":1560879509704,"project":"9c3fffe4b7653c4320b086545a25136f32031826843ae85c0f9343ca44694f6f"},"id":"invoked"}}
{"recorder_version":"11","session":"55a171c84d24","build":"191.7479.30","bucket":"129","time":1560879509705,"group":{"id":"module.facets","version":"1"},"event":{"state":true,"data":{"created":1560879509705,"project":"9c3fffe4b7653c4320b086545a25136f32031826843ae85c0f9343ca44694f6f"},"id":"invoked"}}
{"recorder_version":"11","session":"55a171c84d24","build":"191.7479.30","bucket":"129","time":1560879509706,"group":{"id":"vcs.metrics","version":"1"},"event":{"state":true,"data":{"created":1560879509706,"project":"9c3fffe4b7653c4320b086545a25136f32031826843ae85c0f9343ca44694f6f"},"id":"has.default.vcs.root.mapping.disabled"}}
{"recorder_version":"11","session":"55a171c84d24","build":"191.7479.30","bucket":"129","time":1560879509706,"group":{"id":"vcs.metrics","version":"1"},"event":{"state":true,"data":{"created":1560879509706,"project":"9c3fffe4b7653c4320b086545a25136f32031826843ae85c0f9343ca44694f6f"},"id":"ignored.files.count.3+"}}
{"recorder_version":"11","session":"55a171c84d24","build":"191.7479.30","bucket":"129","time":1560879509706,"group":{"id":"vcs.metrics","version":"1"},"event":{"state":true,"data":{"created":1560879509706,"project":"9c3fffe4b7653c4320b086545a25136f32031826843ae85c0f9343ca44694f6f"},"id":"active.changelists.count.1"}}
{"recorder_version":"11","session":"55a171c84d24","build":"191.7479.30","bucket":"129","time":1560879509706,"group":{"id":"vcs.metrics","version":"1"},"event":{"state":true,"data":{"created":1560879509707,"project":"9c3fffe4b7653c4320b086545a25136f32031826843ae85c0f9343ca44694f6f"},"id":"unversioned.files.count.0"}}
{"recorder_version":"11","session":"55a171c84d24","build":"191.7479.30","bucket":"129","time":1560879509706,"group":{"id":"vcs.metrics","version":"1"},"event":{"state":true,"data":{"created":1560879509707,"project":"9c3fffe4b7653c4320b086545a25136f32031826843ae85c0f9343ca44694f6f"},"id":"vcs.roots.count.1"}}
{"recorder_version":"11","session":"55a171c84d24","build":"191.7479.30","bucket":"129","time":1560879509706,"group":{"id":"vcs.metrics","version":"1"},"event":{"state":true,"data":{"created":1560879509707,"project":"9c3fffe4b7653c4320b086545a25136f32031826843ae85c0f9343ca44694f6f"},"id":"invoked"}}
{"recorder_version":"11","session":"55a171c84d24","build":"191.7479.30","bucket":"129","time":1560879509707,"group":{"id":"vcs.log.data","version":"1"},"event":{"state":true,"data":{"created":1560879509707,"project":"9c3fffe4b7653c4320b086545a25136f32031826843ae85c0f9343ca44694f6f"},"id":"git.root.count.1"}}
{"recorder_version":"11","session":"55a171c84d24","build":"191.7479.30","bucket":"129","time":1560879509707,"group":{"id":"vcs.log.data","version":"1"},"event":{"state":true,"data":{"created":1560879509708,"project":"9c3fffe4b7653c4320b086545a25136f32031826843ae85c0f9343ca44694f6f"},"id":"branches.count.1+"}}
{"recorder_version":"11","session":"55a171c84d24","build":"191.7479.30","bucket":"129","time":1560879509707,"group":{"id":"vcs.log.data","version":"1"},"event":{"state":true,"data":{"created":1560879509708,"project":"9c3fffe4b7653c4320b086545a25136f32031826843ae85c0f9343ca44694f6f"},"id":"commit.count.1+"}}
{"recorder_version":"11","session":"55a171c84d24","build":"191.7479.30","bucket":"129","time":1560879509707,"group":{"id":"vcs.log.data","version":"1"},"event":{"state":true,"data":{"created":1560879509708,"project":"9c3fffe4b7653c4320b086545a25136f32031826843ae85c0f9343ca44694f6f"},"id":"users.count.1+"}}
{"recorder_version":"11","session":"55a171c84d24","build":"191.7479.30","bucket":"129","time":1560879509707,"group":{"id":"vcs.log.data","version":"1"},"event":{"state":true,"data":{"created":1560879509708,"project":"9c3fffe4b7653c4320b086545a25136f32031826843ae85c0f9343ca44694f6f"},"id":"dataInitialized"}}
{"recorder_version":"11","session":"55a171c84d24","build":"191.7479.30","bucket":"129","time":1560879509707,"group":{"id":"vcs.log.data","version":"1"},"event":{"state":true,"data":{"created":1560879509708,"project":"9c3fffe4b7653c4320b086545a25136f32031826843ae85c0f9343ca44694f6f"},"id":"invoked"}}
{"recorder_version":"11","session":"55a171c84d24","build":"191.7479.30","bucket":"129","time":1560879509708,"group":{"id":"python.interpreter.type","version":"1"},"event":{"state":true,"data":{"created":1560879509708,"project":"9c3fffe4b7653c4320b086545a25136f32031826843ae85c0f9343ca44694f6f"},"id":"condavenv"}}
{"recorder_version":"11","session":"55a171c84d24","build":"191.7479.30","bucket":"129","time":1560879509708,"group":{"id":"python.interpreter.type","version":"1"},"event":{"state":true,"data":{"created":1560879509709,"project":"9c3fffe4b7653c4320b086545a25136f32031826843ae85c0f9343ca44694f6f"},"id":"invoked"}}
{"recorder_version":"11","session":"55a171c84d24","build":"191.7479.30","bucket":"129","time":1560879509710,"group":{"id":"run.configuration.type.temp","version":"1"},"event":{"state":true,"data":{"shared":false,"activate_before_run":true,"parallel":false,"created":1560879509710,"plugin_type":"PLATFORM","project":"9c3fffe4b7653c4320b086545a25136f32031826843ae85c0f9343ca44694f6f","edit_before_run":false},"id":"PythonConfigurationType"}}
{"recorder_version":"11","session":"55a171c84d24","build":"191.7479.30","bucket":"129","time":1560879509710,"group":{"id":"run.configuration.type.temp","version":"1"},"event":{"state":true,"data":{"created":1560879509710,"project":"9c3fffe4b7653c4320b086545a25136f32031826843ae85c0f9343ca44694f6f"},"id":"invoked"}}
{"recorder_version":"11","session":"55a171c84d24","build":"191.7479.30","bucket":"129","time":1560879509737,"group":{"id":"project.structure","version":"1"},"event":{"state":true,"data":{"created":1560879509737,"project":"9c3fffe4b7653c4320b086545a25136f32031826843ae85c0f9343ca44694f6f"},"id":"source.roots.count.0"}}
{"recorder_version":"11","session":"55a171c84d24","build":"191.7479.30","bucket":"129","time":1560879509737,"group":{"id":"project.structure","version":"1"},"event":{"state":true,"data":{"created":1560879509738,"project":"9c3fffe4b7653c4320b086545a25136f32031826843ae85c0f9343ca44694f6f"},"id":"content.roots.count.1"}}
{"recorder_version":"11","session":"55a171c84d24","build":"191.7479.30","bucket":"129","time":1560879509737,"group":{"id":"project.structure","version":"1"},"event":{"state":true,"data":{"created":1560879509738,"project":"9c3fffe4b7653c4320b086545a25136f32031826843ae85c0f9343ca44694f6f"},"id":"excluded.roots.count.0"}}
{"recorder_version":"11","session":"55a171c84d24","build":"191.7479.30","bucket":"129","time":1560879509737,"group":{"id":"project.structure","version":"1"},"event":{"state":true,"data":{"created":1560879509738,"project":"9c3fffe4b7653c4320b086545a25136f32031826843ae85c0f9343ca44694f6f"},"id":"modules.count.1"}}
{"recorder_version":"11","session":"55a171c84d24","build":"191.7479.30","bucket":"129","time":1560879509737,"group":{"id":"project.structure","version":"1"},"event":{"state":true,"data":{"created":1560879509738,"project":"9c3fffe4b7653c4320b086545a25136f32031826843ae85c0f9343ca44694f6f"},"id":"invoked"}}
{"recorder_version":"11","session":"55a171c84d24","build":"191.7479.30","bucket":"129","time":1560879509738,"group":{"id":"run.configuration.type","version":"1"},"event":{"state":true,"data":{"created":1560879509738,"project":"9c3fffe4b7653c4320b086545a25136f32031826843ae85c0f9343ca44694f6f"},"id":"invoked"}}
{"recorder_version":"11","session":"55a171c84d24","build":"191.7479.30","bucket":"129","time":1560879509738,"group":{"id":"enabled.listed.tools","version":"2"},"event":{"state":true,"data":{"created":1560879509738,"project":"9c3fffe4b7653c4320b086545a25136f32031826843ae85c0f9343ca44694f6f"},"id":"invoked"}}
{"recorder_version":"11","session":"55a171c84d24","build":"191.7479.30","bucket":"129","time":1560879509738,"group":{"id":"run.dashboard","version":"1"},"event":{"state":true,"data":{"created":1560879509738,"project":"9c3fffe4b7653c4320b086545a25136f32031826843ae85c0f9343ca44694f6f"},"id":"run.dashboard.disabled"}}
{"recorder_version":"11","session":"55a171c84d24","build":"191.7479.30","bucket":"129","time":1560879509738,"group":{"id":"run.dashboard","version":"1"},"event":{"state":true,"data":{"created":1560879509738,"project":"9c3fffe4b7653c4320b086545a25136f32031826843ae85c0f9343ca44694f6f"},"id":"invoked"}}
{"recorder_version":"11","session":"55a171c84d24","build":"191.7479.30","bucket":"129","time":1560879509756,"group":{"id":"vcs.git.settings","version":"1"},"event":{"state":true,"data":{"created":1560879509756,"project":"9c3fffe4b7653c4320b086545a25136f32031826843ae85c0f9343ca44694f6f"},"id":"config.cherry-pick.autocommit.disabled"}}
{"recorder_version":"11","session":"55a171c84d24","build":"191.7479.30","bucket":"129","time":1560879509756,"group":{"id":"vcs.git.settings","version":"1"},"event":{"state":true,"data":{"created":1560879509756,"project":"9c3fffe4b7653c4320b086545a25136f32031826843ae85c0f9343ca44694f6f"},"id":"config.save.policy.STASH"}}
{"recorder_version":"11","session":"55a171c84d24","build":"191.7479.30","bucket":"129","time":1560879509756,"group":{"id":"vcs.git.settings","version":"1"},"event":{"state":true,"data":{"created":1560879509756,"project":"9c3fffe4b7653c4320b086545a25136f32031826843ae85c0f9343ca44694f6f"},"id":"config.warn.about.detached.enabled"}}
{"recorder_version":"11","session":"55a171c84d24","build":"191.7479.30","bucket":"129","time":1560879509756,"group":{"id":"vcs.git.settings","version":"1"},"event":{"state":true,"data":{"created":1560879509757,"project":"9c3fffe4b7653c4320b086545a25136f32031826843ae85c0f9343ca44694f6f"},"id":"config.update.type.BRANCH_DEFAULT"}}
{"recorder_version":"11","session":"55a171c84d24","build":"191.7479.30","bucket":"129","time":1560879509756,"group":{"id":"vcs.git.settings","version":"1"},"event":{"state":true,"data":{"created":1560879509757,"project":"9c3fffe4b7653c4320b086545a25136f32031826843ae85c0f9343ca44694f6f"},"id":"config.push.update.all.roots.enabled"}}
{"recorder_version":"11","session":"55a171c84d24","build":"191.7479.30","bucket":"129","time":1560879509756,"group":{"id":"vcs.git.settings","version":"1"},"event":{"state":true,"data":{"created":1560879509757,"project":"9c3fffe4b7653c4320b086545a25136f32031826843ae85c0f9343ca44694f6f"},"id":"data.local.branches.count.1"}}
{"recorder_version":"11","session":"55a171c84d24","build":"191.7479.30","bucket":"129","time":1560879509756,"group":{"id":"vcs.git.settings","version":"1"},"event":{"state":true,"data":{"created":1560879509757,"project":"9c3fffe4b7653c4320b086545a25136f32031826843ae85c0f9343ca44694f6f"},"id":"config.push.autoupdate.disabled"}}
{"recorder_version":"11","session":"55a171c84d24","build":"191.7479.30","bucket":"129","time":1560879509756,"group":{"id":"vcs.git.settings","version":"1"},"event":{"state":true,"data":{"created":1560879509757,"project":"9c3fffe4b7653c4320b086545a25136f32031826843ae85c0f9343ca44694f6f"},"id":"config.repo.sync.NOT_DECIDED"}}
{"recorder_version":"11","session":"55a171c84d24","build":"191.7479.30","bucket":"129","time":1560879509756,"group":{"id":"vcs.git.settings","version":"1"},"event":{"state":true,"data":{"created":1560879509757,"project":"9c3fffe4b7653c4320b086545a25136f32031826843ae85c0f9343ca44694f6f"},"id":"data.remote.branches.count.1"}}
{"recorder_version":"11","session":"55a171c84d24","build":"191.7479.30","bucket":"129","time":1560879509756,"group":{"id":"vcs.git.settings","version":"1"},"event":{"state":true,"data":{"created":1560879509757,"project":"9c3fffe4b7653c4320b086545a25136f32031826843ae85c0f9343ca44694f6f"},"id":"data.remotes.in.project.1"}}
{"recorder_version":"11","session":"55a171c84d24","build":"191.7479.30","bucket":"129","time":1560879509756,"group":{"id":"vcs.git.settings","version":"1"},"event":{"state":true,"data":{"created":1560879509757,"project":"9c3fffe4b7653c4320b086545a25136f32031826843ae85c0f9343ca44694f6f"},"id":"config.ssh.disabled"}}
{"recorder_version":"11","session":"55a171c84d24","build":"191.7479.30","bucket":"129","time":1560879509756,"group":{"id":"vcs.git.settings","version":"1"},"event":{"state":true,"data":{"created":1560879509758,"project":"9c3fffe4b7653c4320b086545a25136f32031826843ae85c0f9343ca44694f6f","type":"UNIX","version":"2.20.1"},"id":"version"}}
{"recorder_version":"11","session":"55a171c84d24","build":"191.7479.30","bucket":"129","time":1560879509756,"group":{"id":"vcs.git.settings","version":"1"},"event":{"state":true,"data":{"created":1560879509758,"project":"9c3fffe4b7653c4320b086545a25136f32031826843ae85c0f9343ca44694f6f"},"id":"data.remote.servers.github.com.1"}}
{"recorder_version":"11","session":"55a171c84d24","build":"191.7479.30","bucket":"129","time":1560879509756,"group":{"id":"vcs.git.settings","version":"1"},"event":{"state":true,"data":{"created":1560879509758,"project":"9c3fffe4b7653c4320b086545a25136f32031826843ae85c0f9343ca44694f6f"},"id":"config.warn.about.crlf.enabled"}}
{"recorder_version":"11","session":"55a171c84d24","build":"191.7479.30","bucket":"129","time":1560879509756,"group":{"id":"vcs.git.settings","version":"1"},"event":{"state":true,"data":{"created":1560879509759,"project":"9c3fffe4b7653c4320b086545a25136f32031826843ae85c0f9343ca44694f6f"},"id":"invoked"}}
{"recorder_version":"11","session":"55a171c84d24","build":"191.7479.30","bucket":"129","time":1560879509757,"group":{"id":"python.interpreter","version":"1"},"event":{"state":true,"data":{"created":1560879509759,"project":"9c3fffe4b7653c4320b086545a25136f32031826843ae85c0f9343ca44694f6f"},"id":"36.local.condavenv"}}
{"recorder_version":"11","session":"55a171c84d24","build":"191.7479.30","bucket":"129","time":1560879509757,"group":{"id":"python.interpreter","version":"1"},"event":{"state":true,"data":{"created":1560879509759,"project":"9c3fffe4b7653c4320b086545a25136f32031826843ae85c0f9343ca44694f6f"},"id":"invoked"}}
{"recorder_version":"11","session":"55a171c84d24","build":"191.7479.30","bucket":"129","time":1560879509757,"group":{"id":"python.packages","version":"1"},"event":{"state":true,"data":{"created":1560879509759,"project":"9c3fffe4b7653c4320b086545a25136f32031826843ae85c0f9343ca44694f6f"},"id":"invoked"}}
{"recorder_version":"11","session":"55a171c84d24","build":"191.7479.30","bucket":"129","time":1560879509775,"group":{"id":"file.types","version":"1"},"event":{"state":true,"data":{"created":1560879509775,"plugin_type":"PLATFORM","project":"9c3fffe4b7653c4320b086545a25136f32031826843ae85c0f9343ca44694f6f"},"id":"Python"}}
{"recorder_version":"11","session":"55a171c84d24","build":"191.7479.30","bucket":"129","time":1560879509775,"group":{"id":"file.types","version":"1"},"event":{"state":true,"data":{"plugin":"ru.adelf.idea.dotenv","created":1560879509776,"plugin_type":"LISTED","project":"9c3fffe4b7653c4320b086545a25136f32031826843ae85c0f9343ca44694f6f"},"id":"third.party"}}
{"recorder_version":"11","session":"55a171c84d24","build":"191.7479.30","bucket":"129","time":1560879509775,"group":{"id":"file.types","version":"1"},"event":{"state":true,"data":{"created":1560879509776,"plugin_type":"PLATFORM","project":"9c3fffe4b7653c4320b086545a25136f32031826843ae85c0f9343ca44694f6f"},"id":"PLAIN_TEXT"}}
{"recorder_version":"11","session":"55a171c84d24","build":"191.7479.30","bucket":"129","time":1560879509775,"group":{"id":"file.types","version":"1"},"event":{"state":true,"data":{"created":1560879509776,"project":"9c3fffe4b7653c4320b086545a25136f32031826843ae85c0f9343ca44694f6f"},"id":"invoked"}}
{"recorder_version":"11","session":"55a171c84d24","build":"191.7479.30","bucket":"129","time":1560879509776,"group":{"id":"python.interpreter.version","version":"1"},"event":{"state":true,"data":{"created":1560879509776,"project":"9c3fffe4b7653c4320b086545a25136f32031826843ae85c0f9343ca44694f6f"},"id":"36"}}
{"recorder_version":"11","session":"55a171c84d24","build":"191.7479.30","bucket":"129","time":1560879509776,"group":{"id":"python.interpreter.version","version":"1"},"event":{"state":true,"data":{"created":1560879509776,"project":"9c3fffe4b7653c4320b086545a25136f32031826843ae85c0f9343ca44694f6f"},"id":"invoked"}}
{"recorder_version":"11","session":"55a171c84d24","build":"191.7479.30","bucket":"129","time":1560879509776,"group":{"id":"enabled.bundled.tools","version":"2"},"event":{"state":true,"data":{"created":1560879509777,"project":"9c3fffe4b7653c4320b086545a25136f32031826843ae85c0f9343ca44694f6f"},"id":"invoked"}}
{"recorder_version":"11","session":"55a171c84d24","build":"191.7479.30","bucket":"129","time":1560879509777,"group":{"id":"vcs.git.project.root","version":"1"},"event":{"state":true,"data":{"created":1560879509777,"project":"9c3fffe4b7653c4320b086545a25136f32031826843ae85c0f9343ca44694f6f"},"id":"invoked"}}
{"recorder_version":"11","session":"55a171c84d24","build":"191.7479.30","bucket":"129","time":1560879509777,"group":{"id":"disabled.bundled.tools","version":"2"},"event":{"state":true,"data":{"created":1560879509777,"project":"9c3fffe4b7653c4320b086545a25136f32031826843ae85c0f9343ca44694f6f"},"id":"invoked"}}
{"recorder_version":"11","session":"55a171c84d24","build":"191.7479.30","bucket":"129","time":1560879509777,"group":{"id":"python.interpreter.remote","version":"2"},"event":{"state":true,"data":{"created":1560879509777,"project":"9c3fffe4b7653c4320b086545a25136f32031826843ae85c0f9343ca44694f6f"},"id":"local"}}
{"recorder_version":"11","session":"55a171c84d24","build":"191.7479.30","bucket":"129","time":1560879509777,"group":{"id":"python.interpreter.remote","version":"2"},"event":{"state":true,"data":{"created":1560879509777,"project":"9c3fffe4b7653c4320b086545a25136f32031826843ae85c0f9343ca44694f6f"},"id":"invoked"}}
{"recorder_version":"11","session":"55a171c84d24","build":"191.7479.30","bucket":"129","time":1560879605752,"group":{"id":"performance","version":"11"},"event":{"count":1,"data":{"duration_ms":0,"created":1560879605752},"id":"ui.latency"}}
{"recorder_version":"11","session":"55a171c84d24","build":"191.7479.30","bucket":"129","time":1560879705787,"group":{"id":"performance","version":"11"},"event":{"count":1,"data":{"duration_ms":0,"created":1560879705788},"id":"ui.latency"}}
{"recorder_version":"11","session":"55a171c84d24","build":"191.7479.30","bucket":"129","time":1560879805823,"group":{"id":"performance","version":"11"},"event":{"count":1,"data":{"duration_ms":1,"created":1560879805823},"id":"ui.latency"}}
{"recorder_version":"11","session":"55a171c84d24","build":"191.7479.30","bucket":"129","time":1560879905859,"group":{"id":"performance","version":"11"},"event":{"count":1,"data":{"duration_ms":1,"created":1560879905859},"id":"ui.latency"}}
