{"recorder_version":"11","session":"57632f2fbece","build":"191.7479.30","bucket":"129","time":1560712012997,"group":{"id":"settings","version":"2"},"event":{"state":true,"data":{"created":1560712012998,"invoked":true},"id":"NotRoamableUiSettings"}}
{"recorder_version":"11","session":"57632f2fbece","build":"191.7479.30","bucket":"129","time":1560712013009,"group":{"id":"system.os","version":"1"},"event":{"state":true,"data":{"release":"ubuntu","created":1560712013010,"version":"19.4"},"id":"Linux"}}
{"recorder_version":"11","session":"57632f2fbece","build":"191.7479.30","bucket":"129","time":1560712013010,"group":{"id":"system.os","version":"1"},"event":{"state":true,"data":{"created":1560712013023},"id":"invoked"}}
{"recorder_version":"11","session":"57632f2fbece","build":"191.7479.30","bucket":"129","time":1560712013010,"group":{"id":"system.java","version":"1"},"event":{"state":true,"data":{"created":1560712013024,"version":"1.11"},"id":"JetBrains"}}
{"recorder_version":"11","session":"57632f2fbece","build":"191.7479.30","bucket":"129","time":1560712013010,"group":{"id":"system.java","version":"1"},"event":{"state":true,"data":{"created":1560712013025},"id":"invoked"}}
{"recorder_version":"11","session":"57632f2fbece","build":"191.7479.30","bucket":"129","time":1560712013019,"group":{"id":"settings","version":"2"},"event":{"state":true,"data":{"default":false,"created":1560712013026,"name":"overrideLafFonts","value":true},"id":"UISettings"}}
{"recorder_version":"11","session":"57632f2fbece","build":"191.7479.30","bucket":"129","time":1560712013020,"group":{"id":"settings","version":"2"},"event":{"state":true,"data":{"created":1560712013027,"invoked":true},"id":"UISettings"}}
{"recorder_version":"11","session":"57632f2fbece","build":"191.7479.30","bucket":"129","time":1560712014143,"group":{"id":"settings","version":"2"},"event":{"state":true,"data":{"default":false,"created":1560712014143,"name":"confirmExit","value":false},"id":"GeneralSettings"}}
{"recorder_version":"11","session":"57632f2fbece","build":"191.7479.30","bucket":"129","time":1560712014143,"group":{"id":"settings","version":"2"},"event":{"state":true,"data":{"created":1560712014144,"invoked":true},"id":"GeneralSettings"}}
{"recorder_version":"11","session":"57632f2fbece","build":"191.7479.30","bucket":"129","time":1560712016147,"group":{"id":"performance","version":"11"},"event":{"count":1,"data":{"duration_ms":1406,"created":1560712016147},"id":"ui.latency"}}
{"recorder_version":"11","session":"57632f2fbece","build":"191.7479.30","bucket":"129","time":1560712016147,"group":{"id":"performance","version":"11"},"event":{"count":1,"data":{"duration_ms":1406,"created":1560712016148},"id":"ui.lagging"}}
{"recorder_version":"11","session":"57632f2fbece","build":"191.7479.30","bucket":"129","time":1560712016156,"group":{"id":"performance","version":"11"},"event":{"count":1,"data":{"duration_ms":418,"created":1560712016157},"id":"ui.lagging"}}
{"recorder_version":"11","session":"57632f2fbece","build":"191.7479.30","bucket":"129","time":1560712016486,"group":{"id":"ui.dialogs","version":"11"},"event":{"count":1,"data":{"created":1560712016486,"plugin_type":"PLATFORM","type":"show"},"id":"com.intellij.openapi.progress.util.ProgressDialog$MyDialogWrapper"}}
{"recorder_version":"11","session":"57632f2fbece","build":"191.7479.30","bucket":"129","time":1560712017476,"group":{"id":"ui.dialogs","version":"11"},"event":{"count":1,"data":{"code":1,"created":1560712017476,"plugin_type":"PLATFORM","type":"close"},"id":"com.intellij.openapi.progress.util.ProgressDialog$MyDialogWrapper"}}
{"recorder_version":"11","session":"57632f2fbece","build":"191.7479.30","bucket":"129","time":1560712017531,"group":{"id":"lifecycle","version":"11"},"event":{"count":1,"data":{"created":1560712017531,"project":"9c3fffe4b7653c4320b086545a25136f32031826843ae85c0f9343ca44694f6f"},"id":"project.opened"}}
{"recorder_version":"11","session":"57632f2fbece","build":"191.7479.30","bucket":"129","time":1560712018189,"group":{"id":"performance","version":"11"},"event":{"count":1,"data":{"duration_ms":451,"created":1560712018189},"id":"ui.lagging"}}
{"recorder_version":"11","session":"57632f2fbece","build":"191.7479.30","bucket":"129","time":1560712018226,"group":{"id":"ui.dialogs","version":"11"},"event":{"count":1,"data":{"created":1560712018226,"plugin_type":"PLATFORM","type":"show"},"id":"com.intellij.openapi.progress.util.ProgressDialog$MyDialogWrapper"}}
{"recorder_version":"11","session":"57632f2fbece","build":"191.7479.30","bucket":"129","time":1560712019730,"group":{"id":"performance","version":"11"},"event":{"count":1,"data":{"duration_ms":991,"created":1560712019730},"id":"ui.lagging"}}
{"recorder_version":"11","session":"57632f2fbece","build":"191.7479.30","bucket":"129","time":1560712020266,"group":{"id":"toolwindow","version":"11"},"event":{"count":2,"data":{"os":"Linux","plugin":"org.jetbrains.plugins.terminal","last":1560712020490,"created":1560712020266,"plugin_type":"JB_BUNDLED"},"id":"Terminal"}}
{"recorder_version":"11","session":"57632f2fbece","build":"191.7479.30","bucket":"129","time":1560712020784,"group":{"id":"lifecycle","version":"11"},"event":{"count":1,"data":{"eap":false,"created":1560712020785},"id":"ide.start"}}
{"recorder_version":"11","session":"57632f2fbece","build":"191.7479.30","bucket":"129","time":1560712021230,"group":{"id":"performance","version":"11"},"event":{"count":1,"data":{"duration_ms":488,"created":1560712021230},"id":"ui.lagging"}}
{"recorder_version":"11","session":"57632f2fbece","build":"191.7479.30","bucket":"129","time":1560712021579,"group":{"id":"ui.tips","version":"1"},"event":{"count":1,"data":{"created":1560712021579},"id":"shown.automatically"}}
{"recorder_version":"11","session":"57632f2fbece","build":"191.7479.30","bucket":"129","time":1560712021697,"group":{"id":"ui.dialogs","version":"11"},"event":{"count":1,"data":{"created":1560712021697,"plugin_type":"PLATFORM","type":"show"},"id":"com.intellij.ide.util.TipDialog"}}
{"recorder_version":"11","session":"57632f2fbece","build":"191.7479.30","bucket":"129","time":1560712021911,"group":{"id":"project.fs","version":"1"},"event":{"state":true,"data":{"os":"Linux","cs-project":true,"created":1560712021911,"project":"9c3fffe4b7653c4320b086545a25136f32031826843ae85c0f9343ca44694f6f","cs-implicit":true,"cs-system":true},"id":"case-sensitivity"}}
{"recorder_version":"11","session":"57632f2fbece","build":"191.7479.30","bucket":"129","time":1560712021912,"group":{"id":"project.fs","version":"1"},"event":{"state":true,"data":{"created":1560712021912},"id":"invoked"}}
{"recorder_version":"11","session":"57632f2fbece","build":"191.7479.30","bucket":"129","time":1560712021914,"group":{"id":"project.fs","version":"1"},"event":{"state":true,"data":{"pct-non-watched":0,"created":1560712021914,"project":"9c3fffe4b7653c4320b086545a25136f32031826843ae85c0f9343ca44694f6f"},"id":"roots-watched"}}
{"recorder_version":"11","session":"57632f2fbece","build":"191.7479.30","bucket":"129","time":1560712021914,"group":{"id":"project.fs","version":"1"},"event":{"state":true,"data":{"created":1560712021915},"id":"invoked"}}
{"recorder_version":"11","session":"57632f2fbece","build":"191.7479.30","bucket":"129","time":1560712021966,"group":{"id":"performance","version":"11"},"event":{"count":1,"data":{"duration_ms":224,"created":1560712021966},"id":"ui.lagging"}}
{"recorder_version":"11","session":"57632f2fbece","build":"191.7479.30","bucket":"129","time":1560712022695,"group":{"id":"ui.dialogs","version":"11"},"event":{"count":1,"data":{"code":1,"created":1560712022695,"plugin_type":"PLATFORM","type":"close"},"id":"com.intellij.openapi.progress.util.ProgressDialog$MyDialogWrapper"}}
{"recorder_version":"11","session":"57632f2fbece","build":"191.7479.30","bucket":"129","time":1560712022723,"group":{"id":"terminalShell","version":"1"},"event":{"count":1,"data":{"os-version":"5.0","os":"Linux","shell":"bash","created":1560712022723,"project":"9c3fffe4b7653c4320b086545a25136f32031826843ae85c0f9343ca44694f6f"},"id":"local.exec"}}
{"recorder_version":"11","session":"57632f2fbece","build":"191.7479.30","bucket":"129","time":1560712022791,"group":{"id":"lifecycle","version":"11"},"event":{"count":1,"data":{"created":1560712022791,"time_ms":6909,"project":"9c3fffe4b7653c4320b086545a25136f32031826843ae85c0f9343ca44694f6f"},"id":"project.opening.finished"}}
{"recorder_version":"11","session":"57632f2fbece","build":"191.7479.30","bucket":"129","time":1560712023217,"group":{"id":"performance","version":"11"},"event":{"count":1,"data":{"duration_ms":469,"created":1560712023217},"id":"ui.lagging"}}
{"recorder_version":"11","session":"57632f2fbece","build":"191.7479.30","bucket":"129","time":1560712023848,"group":{"id":"performance","version":"11"},"event":{"count":1,"data":{"duration_ms":101,"created":1560712023848},"id":"ui.lagging"}}
{"recorder_version":"11","session":"57632f2fbece","build":"191.7479.30","bucket":"129","time":1560712026107,"group":{"id":"performance","version":"11"},"event":{"count":1,"data":{"duration_ms":359,"created":1560712026107},"id":"ui.lagging"}}
{"recorder_version":"11","session":"57632f2fbece","build":"191.7479.30","bucket":"129","time":1560712035083,"group":{"id":"ui.dialogs","version":"11"},"event":{"count":1,"data":{"code":1,"created":1560712035084,"plugin_type":"PLATFORM","type":"close"},"id":"com.intellij.ide.util.TipDialog"}}
{"recorder_version":"11","session":"57632f2fbece","build":"191.7479.30","bucket":"129","time":1560712042368,"group":{"id":"actions","version":"11"},"event":{"count":1,"data":{"context_menu":true,"os":"Linux","created":1560712042368,"plugin_type":"PLATFORM","project":"9c3fffe4b7653c4320b086545a25136f32031826843ae85c0f9343ca44694f6f","place":"MainMenu","input_event":"MouseLeft"},"id":"Exit"}}
{"recorder_version":"11","session":"57632f2fbece","build":"191.7479.30","bucket":"129","time":1560712042380,"group":{"id":"lifecycle","version":"11"},"event":{"count":1,"data":{"restart":false,"created":1560712042380},"id":"ide.close"}}
{"recorder_version":"11","session":"57632f2fbece","build":"191.7479.30","bucket":"129","time":1560712042666,"group":{"id":"lifecycle","version":"11"},"event":{"count":1,"data":{"created":1560712042666,"project":"9c3fffe4b7653c4320b086545a25136f32031826843ae85c0f9343ca44694f6f"},"id":"project.closed"}}
