{"recorder_version":"11","session":"9694fb495c59","build":"191.7479.30","bucket":"129","time":1560710520014,"group":{"id":"settings","version":"2"},"event":{"state":true,"data":{"created":1560710520015,"invoked":true},"id":"NotRoamableUiSettings"}}
{"recorder_version":"11","session":"9694fb495c59","build":"191.7479.30","bucket":"129","time":1560710520025,"group":{"id":"system.os","version":"1"},"event":{"state":true,"data":{"release":"ubuntu","created":1560710520028,"version":"19.4"},"id":"Linux"}}
{"recorder_version":"11","session":"9694fb495c59","build":"191.7479.30","bucket":"129","time":1560710520025,"group":{"id":"system.os","version":"1"},"event":{"state":true,"data":{"created":1560710520042},"id":"invoked"}}
{"recorder_version":"11","session":"9694fb495c59","build":"191.7479.30","bucket":"129","time":1560710520025,"group":{"id":"system.java","version":"1"},"event":{"state":true,"data":{"created":1560710520044,"version":"1.11"},"id":"JetBrains"}}
{"recorder_version":"11","session":"9694fb495c59","build":"191.7479.30","bucket":"129","time":1560710520025,"group":{"id":"system.java","version":"1"},"event":{"state":true,"data":{"created":1560710520045},"id":"invoked"}}
{"recorder_version":"11","session":"9694fb495c59","build":"191.7479.30","bucket":"129","time":1560710520041,"group":{"id":"settings","version":"2"},"event":{"state":true,"data":{"default":false,"created":1560710520045,"name":"overrideLafFonts","value":true},"id":"UISettings"}}
{"recorder_version":"11","session":"9694fb495c59","build":"191.7479.30","bucket":"129","time":1560710520042,"group":{"id":"settings","version":"2"},"event":{"state":true,"data":{"created":1560710520046,"invoked":true},"id":"UISettings"}}
{"recorder_version":"11","session":"9694fb495c59","build":"191.7479.30","bucket":"129","time":1560710521162,"group":{"id":"settings","version":"2"},"event":{"state":true,"data":{"created":1560710521162,"invoked":true},"id":"GeneralSettings"}}
{"recorder_version":"11","session":"9694fb495c59","build":"191.7479.30","bucket":"129","time":1560710523112,"group":{"id":"performance","version":"11"},"event":{"count":1,"data":{"duration_ms":1363,"created":1560710523112},"id":"ui.latency"}}
{"recorder_version":"11","session":"9694fb495c59","build":"191.7479.30","bucket":"129","time":1560710523112,"group":{"id":"performance","version":"11"},"event":{"count":1,"data":{"duration_ms":1363,"created":1560710523113},"id":"ui.lagging"}}
{"recorder_version":"11","session":"9694fb495c59","build":"191.7479.30","bucket":"129","time":1560710523120,"group":{"id":"performance","version":"11"},"event":{"count":1,"data":{"duration_ms":374,"created":1560710523120},"id":"ui.lagging"}}
{"recorder_version":"11","session":"9694fb495c59","build":"191.7479.30","bucket":"129","time":1560710523469,"group":{"id":"ui.dialogs","version":"11"},"event":{"count":1,"data":{"created":1560710523469,"plugin_type":"PLATFORM","type":"show"},"id":"com.intellij.openapi.progress.util.ProgressDialog$MyDialogWrapper"}}
{"recorder_version":"11","session":"9694fb495c59","build":"191.7479.30","bucket":"129","time":1560710524388,"group":{"id":"ui.dialogs","version":"11"},"event":{"count":1,"data":{"code":1,"created":1560710524388,"plugin_type":"PLATFORM","type":"close"},"id":"com.intellij.openapi.progress.util.ProgressDialog$MyDialogWrapper"}}
{"recorder_version":"11","session":"9694fb495c59","build":"191.7479.30","bucket":"129","time":1560710524418,"group":{"id":"lifecycle","version":"11"},"event":{"count":1,"data":{"created":1560710524418,"project":"9c3fffe4b7653c4320b086545a25136f32031826843ae85c0f9343ca44694f6f"},"id":"project.opened"}}
{"recorder_version":"11","session":"9694fb495c59","build":"191.7479.30","bucket":"129","time":1560710525072,"group":{"id":"performance","version":"11"},"event":{"count":1,"data":{"duration_ms":325,"created":1560710525072},"id":"ui.lagging"}}
{"recorder_version":"11","session":"9694fb495c59","build":"191.7479.30","bucket":"129","time":1560710525112,"group":{"id":"ui.dialogs","version":"11"},"event":{"count":1,"data":{"created":1560710525112,"plugin_type":"PLATFORM","type":"show"},"id":"com.intellij.openapi.progress.util.ProgressDialog$MyDialogWrapper"}}
{"recorder_version":"11","session":"9694fb495c59","build":"191.7479.30","bucket":"129","time":1560710526717,"group":{"id":"performance","version":"11"},"event":{"count":1,"data":{"duration_ms":970,"created":1560710526717},"id":"ui.lagging"}}
{"recorder_version":"11","session":"9694fb495c59","build":"191.7479.30","bucket":"129","time":1560710527274,"group":{"id":"toolwindow","version":"11"},"event":{"count":2,"data":{"os":"Linux","plugin":"org.jetbrains.plugins.terminal","last":1560710527595,"created":1560710527274,"plugin_type":"JB_BUNDLED"},"id":"Terminal"}}
{"recorder_version":"11","session":"9694fb495c59","build":"191.7479.30","bucket":"129","time":1560710527886,"group":{"id":"lifecycle","version":"11"},"event":{"count":1,"data":{"eap":false,"created":1560710527886},"id":"ide.start"}}
{"recorder_version":"11","session":"9694fb495c59","build":"191.7479.30","bucket":"129","time":1560710528363,"group":{"id":"performance","version":"11"},"event":{"count":1,"data":{"duration_ms":615,"created":1560710528363},"id":"ui.lagging"}}
{"recorder_version":"11","session":"9694fb495c59","build":"191.7479.30","bucket":"129","time":1560710528788,"group":{"id":"ui.tips","version":"1"},"event":{"count":1,"data":{"created":1560710528789},"id":"shown.automatically"}}
{"recorder_version":"11","session":"9694fb495c59","build":"191.7479.30","bucket":"129","time":1560710528857,"group":{"id":"ui.dialogs","version":"11"},"event":{"count":1,"data":{"created":1560710528857,"plugin_type":"PLATFORM","type":"show"},"id":"com.intellij.ide.util.TipDialog"}}
{"recorder_version":"11","session":"9694fb495c59","build":"191.7479.30","bucket":"129","time":1560710529195,"group":{"id":"performance","version":"11"},"event":{"count":1,"data":{"duration_ms":447,"created":1560710529196},"id":"ui.lagging"}}
{"recorder_version":"11","session":"9694fb495c59","build":"191.7479.30","bucket":"129","time":1560710529528,"group":{"id":"ui.dialogs","version":"11"},"event":{"count":1,"data":{"plugin":"Key_Promoter_X","created":1560710529528,"plugin_type":"LISTED","type":"show"},"id":"third.party"}}
{"recorder_version":"11","session":"9694fb495c59","build":"191.7479.30","bucket":"129","time":1560710529753,"group":{"id":"project.fs","version":"1"},"event":{"state":true,"data":{"os":"Linux","cs-project":true,"created":1560710529753,"project":"9c3fffe4b7653c4320b086545a25136f32031826843ae85c0f9343ca44694f6f","cs-implicit":true,"cs-system":true},"id":"case-sensitivity"}}
{"recorder_version":"11","session":"9694fb495c59","build":"191.7479.30","bucket":"129","time":1560710529753,"group":{"id":"project.fs","version":"1"},"event":{"state":true,"data":{"created":1560710529754},"id":"invoked"}}
{"recorder_version":"11","session":"9694fb495c59","build":"191.7479.30","bucket":"129","time":1560710529754,"group":{"id":"project.fs","version":"1"},"event":{"state":true,"data":{"pct-non-watched":0,"created":1560710529755,"project":"9c3fffe4b7653c4320b086545a25136f32031826843ae85c0f9343ca44694f6f"},"id":"roots-watched"}}
{"recorder_version":"11","session":"9694fb495c59","build":"191.7479.30","bucket":"129","time":1560710529754,"group":{"id":"project.fs","version":"1"},"event":{"state":true,"data":{"created":1560710529756},"id":"invoked"}}
{"recorder_version":"11","session":"9694fb495c59","build":"191.7479.30","bucket":"129","time":1560710530312,"group":{"id":"ui.dialogs","version":"11"},"event":{"count":1,"data":{"code":1,"created":1560710530312,"plugin_type":"PLATFORM","type":"close"},"id":"com.intellij.openapi.progress.util.ProgressDialog$MyDialogWrapper"}}
{"recorder_version":"11","session":"9694fb495c59","build":"191.7479.30","bucket":"129","time":1560710530339,"group":{"id":"terminalShell","version":"1"},"event":{"count":1,"data":{"os-version":"5.0","os":"Linux","shell":"bash","created":1560710530339,"project":"9c3fffe4b7653c4320b086545a25136f32031826843ae85c0f9343ca44694f6f"},"id":"local.exec"}}
{"recorder_version":"11","session":"9694fb495c59","build":"191.7479.30","bucket":"129","time":1560710530761,"group":{"id":"lifecycle","version":"11"},"event":{"count":1,"data":{"created":1560710530762,"time_ms":7895,"project":"9c3fffe4b7653c4320b086545a25136f32031826843ae85c0f9343ca44694f6f"},"id":"project.opening.finished"}}
{"recorder_version":"11","session":"9694fb495c59","build":"191.7479.30","bucket":"129","time":1560710530941,"group":{"id":"performance","version":"11"},"event":{"count":1,"data":{"duration_ms":192,"created":1560710530941},"id":"ui.lagging"}}
{"recorder_version":"11","session":"9694fb495c59","build":"191.7479.30","bucket":"129","time":1560710531959,"group":{"id":"performance","version":"11"},"event":{"count":1,"data":{"duration_ms":209,"created":1560710531959},"id":"ui.lagging"}}
{"recorder_version":"11","session":"9694fb495c59","build":"191.7479.30","bucket":"129","time":1560710532929,"group":{"id":"performance","version":"11"},"event":{"count":1,"data":{"duration_ms":179,"created":1560710532929},"id":"ui.lagging"}}
{"recorder_version":"11","session":"9694fb495c59","build":"191.7479.30","bucket":"129","time":1560710534387,"group":{"id":"ui.dialogs","version":"11"},"event":{"count":1,"data":{"code":1,"plugin":"Key_Promoter_X","created":1560710534387,"plugin_type":"LISTED","type":"close"},"id":"third.party"}}
{"recorder_version":"11","session":"9694fb495c59","build":"191.7479.30","bucket":"129","time":1560710535252,"group":{"id":"ui.dialogs","version":"11"},"event":{"count":1,"data":{"code":1,"created":1560710535252,"plugin_type":"PLATFORM","type":"close"},"id":"com.intellij.ide.util.TipDialog"}}
{"recorder_version":"11","session":"9694fb495c59","build":"191.7479.30","bucket":"129","time":1560710536921,"group":{"id":"performance","version":"11"},"event":{"count":1,"data":{"duration_ms":169,"created":1560710536921},"id":"ui.lagging"}}
{"recorder_version":"11","session":"9694fb495c59","build":"191.7479.30","bucket":"129","time":1560710548788,"group":{"id":"actions","version":"11"},"event":{"count":1,"data":{"context_menu":true,"os":"Linux","created":1560710548788,"plugin_type":"PLATFORM","project":"9c3fffe4b7653c4320b086545a25136f32031826843ae85c0f9343ca44694f6f","place":"MainMenu","input_event":"MouseLeft"},"id":"Exit"}}
{"recorder_version":"11","session":"9694fb495c59","build":"191.7479.30","bucket":"129","time":1560710548858,"group":{"id":"ui.dialogs","version":"11"},"event":{"count":1,"data":{"created":1560710548858,"plugin_type":"PLATFORM","type":"show"},"id":"com.intellij.openapi.ui.messages.MessageDialog"}}
{"recorder_version":"11","session":"9694fb495c59","build":"191.7479.30","bucket":"129","time":1560710548914,"group":{"id":"performance","version":"11"},"event":{"count":1,"data":{"duration_ms":158,"created":1560710548915},"id":"ui.lagging"}}
{"recorder_version":"11","session":"9694fb495c59","build":"191.7479.30","bucket":"129","time":1560710551315,"group":{"id":"lifecycle","version":"11"},"event":{"count":1,"data":{"restart":false,"created":1560710551315},"id":"ide.close"}}
{"recorder_version":"11","session":"9694fb495c59","build":"191.7479.30","bucket":"129","time":1560710551975,"group":{"id":"lifecycle","version":"11"},"event":{"count":1,"data":{"created":1560710551975,"project":"9c3fffe4b7653c4320b086545a25136f32031826843ae85c0f9343ca44694f6f"},"id":"project.closed"}}
