{"recorder_version":"11","session":"53e361bd8f4d","build":"191.7479.30","bucket":"129","time":1560710137156,"group":{"id":"settings","version":"2"},"event":{"state":true,"data":{"created":1560710137157,"invoked":true},"id":"NotRoamableUiSettings"}}
{"recorder_version":"11","session":"53e361bd8f4d","build":"191.7479.30","bucket":"129","time":1560710137162,"group":{"id":"settings","version":"2"},"event":{"state":true,"data":{"created":1560710137169,"invoked":true},"id":"UISettings"}}
{"recorder_version":"11","session":"53e361bd8f4d","build":"191.7479.30","bucket":"129","time":1560710137167,"group":{"id":"system.os","version":"1"},"event":{"state":true,"data":{"release":"ubuntu","created":1560710137185,"version":"19.4"},"id":"Linux"}}
{"recorder_version":"11","session":"53e361bd8f4d","build":"191.7479.30","bucket":"129","time":1560710137167,"group":{"id":"system.os","version":"1"},"event":{"state":true,"data":{"created":1560710137187},"id":"invoked"}}
{"recorder_version":"11","session":"53e361bd8f4d","build":"191.7479.30","bucket":"129","time":1560710137167,"group":{"id":"system.java","version":"1"},"event":{"state":true,"data":{"created":1560710137189,"version":"1.11"},"id":"JetBrains"}}
{"recorder_version":"11","session":"53e361bd8f4d","build":"191.7479.30","bucket":"129","time":1560710137167,"group":{"id":"system.java","version":"1"},"event":{"state":true,"data":{"created":1560710137191},"id":"invoked"}}
{"recorder_version":"11","session":"53e361bd8f4d","build":"191.7479.30","bucket":"129","time":1560710138155,"group":{"id":"settings","version":"2"},"event":{"state":true,"data":{"created":1560710138155,"invoked":true},"id":"GeneralSettings"}}
{"recorder_version":"11","session":"53e361bd8f4d","build":"191.7479.30","bucket":"129","time":1560710139807,"group":{"id":"lifecycle","version":"11"},"event":{"count":1,"data":{"eap":false,"created":1560710139807},"id":"ide.start"}}
{"recorder_version":"11","session":"53e361bd8f4d","build":"191.7479.30","bucket":"129","time":1560710140460,"group":{"id":"performance","version":"11"},"event":{"count":1,"data":{"duration_ms":1694,"created":1560710140460},"id":"ui.latency"}}
{"recorder_version":"11","session":"53e361bd8f4d","build":"191.7479.30","bucket":"129","time":1560710140460,"group":{"id":"performance","version":"11"},"event":{"count":1,"data":{"duration_ms":1694,"created":1560710140462},"id":"ui.lagging"}}
{"recorder_version":"11","session":"53e361bd8f4d","build":"191.7479.30","bucket":"129","time":1560710140465,"group":{"id":"performance","version":"11"},"event":{"count":1,"data":{"duration_ms":662,"created":1560710140465},"id":"ui.lagging"}}
{"recorder_version":"11","session":"53e361bd8f4d","build":"191.7479.30","bucket":"129","time":1560710143164,"group":{"id":"actions","version":"11"},"event":{"count":1,"data":{"context_menu":false,"os":"Linux","created":1560710143164,"plugin_type":"PLATFORM","place":"unknown","input_event":"MouseLeft"},"id":"WelcomeScreen.OpenDirectoryProject"}}
{"recorder_version":"11","session":"53e361bd8f4d","build":"191.7479.30","bucket":"129","time":1560710143341,"group":{"id":"ui.dialogs","version":"11"},"event":{"count":1,"data":{"created":1560710143341,"plugin_type":"PLATFORM","type":"show"},"id":"com.intellij.openapi.fileChooser.ex.FileChooserDialogImpl"}}
{"recorder_version":"11","session":"53e361bd8f4d","build":"191.7479.30","bucket":"129","time":1560710143979,"group":{"id":"performance","version":"11"},"event":{"count":1,"data":{"duration_ms":174,"created":1560710143979},"id":"ui.lagging"}}
{"recorder_version":"11","session":"53e361bd8f4d","build":"191.7479.30","bucket":"129","time":1560710161115,"group":{"id":"ui.dialogs","version":"11"},"event":{"count":1,"data":{"code":0,"created":1560710161115,"plugin_type":"PLATFORM","type":"close"},"id":"com.intellij.openapi.fileChooser.ex.FileChooserDialogImpl"}}
{"recorder_version":"11","session":"53e361bd8f4d","build":"191.7479.30","bucket":"129","time":1560710161578,"group":{"id":"ui.dialogs","version":"11"},"event":{"count":1,"data":{"created":1560710161578,"plugin_type":"PLATFORM","type":"show"},"id":"com.intellij.openapi.progress.util.ProgressDialog$MyDialogWrapper"}}
{"recorder_version":"11","session":"53e361bd8f4d","build":"191.7479.30","bucket":"129","time":1560710162547,"group":{"id":"ui.dialogs","version":"11"},"event":{"count":1,"data":{"code":1,"created":1560710162548,"plugin_type":"PLATFORM","type":"close"},"id":"com.intellij.openapi.progress.util.ProgressDialog$MyDialogWrapper"}}
{"recorder_version":"11","session":"53e361bd8f4d","build":"191.7479.30","bucket":"129","time":1560710162582,"group":{"id":"lifecycle","version":"11"},"event":{"count":1,"data":{"created":1560710162582,"project":"9c3fffe4b7653c4320b086545a25136f32031826843ae85c0f9343ca44694f6f"},"id":"project.opened"}}
{"recorder_version":"11","session":"53e361bd8f4d","build":"191.7479.30","bucket":"129","time":1560710163538,"group":{"id":"performance","version":"11"},"event":{"count":1,"data":{"duration_ms":724,"created":1560710163538},"id":"ui.lagging"}}
{"recorder_version":"11","session":"53e361bd8f4d","build":"191.7479.30","bucket":"129","time":1560710163585,"group":{"id":"ui.dialogs","version":"11"},"event":{"count":1,"data":{"created":1560710163585,"plugin_type":"PLATFORM","type":"show"},"id":"com.intellij.openapi.progress.util.ProgressDialog$MyDialogWrapper"}}
{"recorder_version":"11","session":"53e361bd8f4d","build":"191.7479.30","bucket":"129","time":1560710163916,"group":{"id":"performance","version":"11"},"event":{"count":1,"data":{"duration_ms":101,"created":1560710163917},"id":"ui.lagging"}}
{"recorder_version":"11","session":"53e361bd8f4d","build":"191.7479.30","bucket":"129","time":1560710165583,"group":{"id":"performance","version":"11"},"event":{"count":1,"data":{"duration_ms":768,"created":1560710165583},"id":"ui.lagging"}}
{"recorder_version":"11","session":"53e361bd8f4d","build":"191.7479.30","bucket":"129","time":1560710166372,"group":{"id":"toolwindow","version":"11"},"event":{"count":2,"data":{"os":"Linux","plugin":"org.jetbrains.plugins.terminal","last":1560710166698,"created":1560710166372,"plugin_type":"JB_BUNDLED"},"id":"Terminal"}}
{"recorder_version":"11","session":"53e361bd8f4d","build":"191.7479.30","bucket":"129","time":1560710166967,"group":{"id":"performance","version":"11"},"event":{"count":1,"data":{"duration_ms":1152,"created":1560710166967},"id":"ui.lagging"}}
{"recorder_version":"11","session":"53e361bd8f4d","build":"191.7479.30","bucket":"129","time":1560710167012,"group":{"id":"performance","version":"11"},"event":{"count":1,"data":{"duration_ms":197,"created":1560710167012},"id":"ui.lagging"}}
{"recorder_version":"11","session":"53e361bd8f4d","build":"191.7479.30","bucket":"129","time":1560710167256,"group":{"id":"ui.tips","version":"1"},"event":{"count":1,"data":{"created":1560710167256},"id":"shown.automatically"}}
{"recorder_version":"11","session":"53e361bd8f4d","build":"191.7479.30","bucket":"129","time":1560710167303,"group":{"id":"ui.dialogs","version":"11"},"event":{"count":1,"data":{"created":1560710167303,"plugin_type":"PLATFORM","type":"show"},"id":"com.intellij.ide.util.TipDialog"}}
{"recorder_version":"11","session":"53e361bd8f4d","build":"191.7479.30","bucket":"129","time":1560710167956,"group":{"id":"performance","version":"11"},"event":{"count":1,"data":{"duration_ms":140,"created":1560710167956},"id":"ui.lagging"}}
{"recorder_version":"11","session":"53e361bd8f4d","build":"191.7479.30","bucket":"129","time":1560710168317,"group":{"id":"ui.dialogs","version":"11"},"event":{"count":1,"data":{"code":1,"created":1560710168317,"plugin_type":"PLATFORM","type":"close"},"id":"com.intellij.openapi.progress.util.ProgressDialog$MyDialogWrapper"}}
{"recorder_version":"11","session":"53e361bd8f4d","build":"191.7479.30","bucket":"129","time":1560710168329,"group":{"id":"terminalShell","version":"1"},"event":{"count":1,"data":{"os-version":"5.0","os":"Linux","shell":"bash","created":1560710168329,"project":"9c3fffe4b7653c4320b086545a25136f32031826843ae85c0f9343ca44694f6f"},"id":"local.exec"}}
{"recorder_version":"11","session":"53e361bd8f4d","build":"191.7479.30","bucket":"129","time":1560710171987,"group":{"id":"project.fs","version":"1"},"event":{"state":true,"data":{"os":"Linux","cs-project":true,"created":1560710171987,"project":"9c3fffe4b7653c4320b086545a25136f32031826843ae85c0f9343ca44694f6f","cs-implicit":true,"cs-system":true},"id":"case-sensitivity"}}
{"recorder_version":"11","session":"53e361bd8f4d","build":"191.7479.30","bucket":"129","time":1560710171987,"group":{"id":"project.fs","version":"1"},"event":{"state":true,"data":{"created":1560710171988},"id":"invoked"}}
{"recorder_version":"11","session":"53e361bd8f4d","build":"191.7479.30","bucket":"129","time":1560710171988,"group":{"id":"project.fs","version":"1"},"event":{"state":true,"data":{"pct-non-watched":0,"created":1560710171989,"project":"9c3fffe4b7653c4320b086545a25136f32031826843ae85c0f9343ca44694f6f"},"id":"roots-watched"}}
{"recorder_version":"11","session":"53e361bd8f4d","build":"191.7479.30","bucket":"129","time":1560710171988,"group":{"id":"project.fs","version":"1"},"event":{"state":true,"data":{"created":1560710171990},"id":"invoked"}}
{"recorder_version":"11","session":"53e361bd8f4d","build":"191.7479.30","bucket":"129","time":1560710172013,"group":{"id":"performance","version":"11"},"event":{"count":1,"data":{"duration_ms":3197,"created":1560710172013},"id":"ui.lagging"}}
{"recorder_version":"11","session":"53e361bd8f4d","build":"191.7479.30","bucket":"129","time":1560710172013,"group":{"id":"performance","version":"11"},"event":{"count":1,"data":{"duration_ms":2196,"created":1560710172014},"id":"ui.lagging"}}
{"recorder_version":"11","session":"53e361bd8f4d","build":"191.7479.30","bucket":"129","time":1560710172051,"group":{"id":"ui.dialogs","version":"11"},"event":{"count":1,"data":{"code":1,"created":1560710172051,"plugin_type":"PLATFORM","type":"close"},"id":"com.intellij.ide.util.TipDialog"}}
{"recorder_version":"11","session":"53e361bd8f4d","build":"191.7479.30","bucket":"129","time":1560710172060,"group":{"id":"performance","version":"11"},"event":{"count":1,"data":{"duration_ms":1243,"created":1560710172060},"id":"ui.lagging"}}
{"recorder_version":"11","session":"53e361bd8f4d","build":"191.7479.30","bucket":"129","time":1560710172060,"group":{"id":"performance","version":"11"},"event":{"count":1,"data":{"duration_ms":243,"created":1560710172060},"id":"ui.lagging"}}
{"recorder_version":"11","session":"53e361bd8f4d","build":"191.7479.30","bucket":"129","time":1560710172616,"group":{"id":"lifecycle","version":"11"},"event":{"count":1,"data":{"created":1560710172620,"time_ms":11426,"project":"9c3fffe4b7653c4320b086545a25136f32031826843ae85c0f9343ca44694f6f"},"id":"project.opening.finished"}}
{"recorder_version":"11","session":"53e361bd8f4d","build":"191.7479.30","bucket":"129","time":1560710173081,"group":{"id":"performance","version":"11"},"event":{"count":1,"data":{"duration_ms":262,"created":1560710173081},"id":"ui.lagging"}}
{"recorder_version":"11","session":"53e361bd8f4d","build":"191.7479.30","bucket":"129","time":1560710174938,"group":{"id":"performance","version":"11"},"event":{"count":1,"data":{"duration_ms":116,"created":1560710174938},"id":"ui.lagging"}}
{"recorder_version":"11","session":"53e361bd8f4d","build":"191.7479.30","bucket":"129","time":1560710189869,"group":{"id":"productivity","version":"11"},"event":{"count":1,"data":{"created":1560710189869},"id":"editing.select.word"}}
{"recorder_version":"11","session":"53e361bd8f4d","build":"191.7479.30","bucket":"129","time":1560710191999,"group":{"id":"performance","version":"11"},"event":{"count":1,"data":{"duration_ms":1171,"created":1560710191999},"id":"ui.lagging"}}
{"recorder_version":"11","session":"53e361bd8f4d","build":"191.7479.30","bucket":"129","time":1560710192001,"group":{"id":"performance","version":"11"},"event":{"count":1,"data":{"duration_ms":173,"created":1560710192001},"id":"ui.lagging"}}
{"recorder_version":"11","session":"53e361bd8f4d","build":"191.7479.30","bucket":"129","time":1560710201448,"group":{"id":"actions","version":"11"},"event":{"count":1,"data":{"context_menu":true,"os":"Linux","created":1560710201448,"plugin_type":"PLATFORM","project":"9c3fffe4b7653c4320b086545a25136f32031826843ae85c0f9343ca44694f6f","place":"MainMenu","input_event":"MouseLeft"},"id":"ShowSettings"}}
{"recorder_version":"11","session":"53e361bd8f4d","build":"191.7479.30","bucket":"129","time":1560710202249,"group":{"id":"ui.dialogs","version":"11"},"event":{"count":1,"data":{"created":1560710202249,"plugin_type":"PLATFORM","type":"show"},"id":"com.intellij.openapi.options.newEditor.SettingsDialog"}}
{"recorder_version":"11","session":"53e361bd8f4d","build":"191.7479.30","bucket":"129","time":1560710202473,"group":{"id":"performance","version":"11"},"event":{"count":1,"data":{"duration_ms":641,"created":1560710202474},"id":"ui.lagging"}}
{"recorder_version":"11","session":"53e361bd8f4d","build":"191.7479.30","bucket":"129","time":1560710220092,"group":{"id":"performance","version":"11"},"event":{"count":1,"data":{"duration_ms":251,"created":1560710220092},"id":"ui.lagging"}}
{"recorder_version":"11","session":"53e361bd8f4d","build":"191.7479.30","bucket":"129","time":1560710225927,"group":{"id":"performance","version":"11"},"event":{"count":1,"data":{"duration_ms":1084,"created":1560710225927},"id":"ui.lagging"}}
{"recorder_version":"11","session":"53e361bd8f4d","build":"191.7479.30","bucket":"129","time":1560710226065,"group":{"id":"performance","version":"11"},"event":{"count":1,"data":{"duration_ms":222,"created":1560710226065},"id":"ui.lagging"}}
{"recorder_version":"11","session":"53e361bd8f4d","build":"191.7479.30","bucket":"129","time":1560710240850,"group":{"id":"performance","version":"11"},"event":{"count":1,"data":{"duration_ms":0,"created":1560710240850},"id":"ui.latency"}}
{"recorder_version":"11","session":"53e361bd8f4d","build":"191.7479.30","bucket":"129","time":1560710252044,"group":{"id":"performance","version":"11"},"event":{"count":1,"data":{"duration_ms":190,"created":1560710252044},"id":"ui.lagging"}}
{"recorder_version":"11","session":"53e361bd8f4d","build":"191.7479.30","bucket":"129","time":1560710254824,"group":{"id":"actions","version":"11"},"event":{"count":1,"data":{"context_menu":false,"os":"Linux","created":1560710254824,"plugin_type":"PLATFORM","project":"9c3fffe4b7653c4320b086545a25136f32031826843ae85c0f9343ca44694f6f","place":"MainMenu","input_event":"Backspace"},"id":"EditorBackSpace"}}
{"recorder_version":"11","session":"53e361bd8f4d","build":"191.7479.30","bucket":"129","time":1560710255101,"group":{"id":"performance","version":"11"},"event":{"count":1,"data":{"duration_ms":246,"created":1560710255101},"id":"ui.lagging"}}
{"recorder_version":"11","session":"53e361bd8f4d","build":"191.7479.30","bucket":"129","time":1560710258153,"group":{"id":"actions","version":"11"},"event":{"count":1,"data":{"context_menu":false,"os":"Linux","created":1560710258153,"plugin_type":"PLATFORM","project":"9c3fffe4b7653c4320b086545a25136f32031826843ae85c0f9343ca44694f6f","place":"MainMenu","input_event":"Backspace"},"id":"EditorBackSpace"}}
{"recorder_version":"11","session":"53e361bd8f4d","build":"191.7479.30","bucket":"129","time":1560710259020,"group":{"id":"performance","version":"11"},"event":{"count":1,"data":{"duration_ms":164,"created":1560710259020},"id":"ui.lagging"}}
{"recorder_version":"11","session":"53e361bd8f4d","build":"191.7479.30","bucket":"129","time":1560710267823,"group":{"id":"ui.dialogs","version":"11"},"event":{"count":1,"data":{"code":0,"created":1560710267823,"plugin_type":"PLATFORM","type":"close"},"id":"com.intellij.openapi.options.newEditor.SettingsDialog"}}
{"recorder_version":"11","session":"53e361bd8f4d","build":"191.7479.30","bucket":"129","time":1560710269927,"group":{"id":"intentions","version":"11"},"event":{"count":1,"data":{"os":"Linux","created":1560710269927,"plugin_type":"PLATFORM","project":"9c3fffe4b7653c4320b086545a25136f32031826843ae85c0f9343ca44694f6f","lang":"Python"},"id":"com.jetbrains.python.inspections.PyInterpreterInspection$ConfigureInterpreterFix"}}
{"recorder_version":"11","session":"53e361bd8f4d","build":"191.7479.30","bucket":"129","time":1560710270249,"group":{"id":"ui.dialogs","version":"11"},"event":{"count":1,"data":{"created":1560710270249,"plugin_type":"PLATFORM","type":"show"},"id":"com.intellij.openapi.options.newEditor.SettingsDialog"}}
{"recorder_version":"11","session":"53e361bd8f4d","build":"191.7479.30","bucket":"129","time":1560710274942,"group":{"id":"ui.dialogs","version":"11"},"event":{"count":1,"data":{"created":1560710274942,"plugin_type":"PLATFORM","type":"show"},"id":"com.jetbrains.python.sdk.add.PyAddSdkDialog"}}
{"recorder_version":"11","session":"53e361bd8f4d","build":"191.7479.30","bucket":"129","time":1560710275011,"group":{"id":"performance","version":"11"},"event":{"count":1,"data":{"duration_ms":149,"created":1560710275011},"id":"ui.lagging"}}
{"recorder_version":"11","session":"53e361bd8f4d","build":"191.7479.30","bucket":"129","time":1560710281427,"group":{"id":"ui.dialogs","version":"11"},"event":{"count":1,"data":{"created":1560710281427,"plugin_type":"PLATFORM","type":"show"},"id":"com.intellij.openapi.fileChooser.ex.FileChooserDialogImpl"}}
{"recorder_version":"11","session":"53e361bd8f4d","build":"191.7479.30","bucket":"129","time":1560710300149,"group":{"id":"ui.dialogs","version":"11"},"event":{"count":1,"data":{"created":1560710300150,"plugin_type":"PLATFORM","type":"show"},"id":"com.intellij.openapi.ui.messages.MessageDialog"}}
{"recorder_version":"11","session":"53e361bd8f4d","build":"191.7479.30","bucket":"129","time":1560710304640,"group":{"id":"ui.dialogs","version":"11"},"event":{"count":1,"data":{"code":2,"created":1560710304640,"plugin_type":"PLATFORM","type":"close"},"id":"com.intellij.openapi.ui.messages.MessageDialog"}}
{"recorder_version":"11","session":"53e361bd8f4d","build":"191.7479.30","bucket":"129","time":1560710309158,"group":{"id":"ui.dialogs","version":"11"},"event":{"count":1,"data":{"code":0,"created":1560710309158,"plugin_type":"PLATFORM","type":"close"},"id":"com.intellij.openapi.fileChooser.ex.FileChooserDialogImpl"}}
{"recorder_version":"11","session":"53e361bd8f4d","build":"191.7479.30","bucket":"129","time":1560710311206,"group":{"id":"ui.dialogs","version":"11"},"event":{"count":1,"data":{"code":0,"created":1560710311206,"plugin_type":"PLATFORM","type":"close"},"id":"com.jetbrains.python.sdk.add.PyAddSdkDialog"}}
{"recorder_version":"11","session":"53e361bd8f4d","build":"191.7479.30","bucket":"129","time":1560710312036,"group":{"id":"performance","version":"11"},"event":{"count":1,"data":{"duration_ms":161,"created":1560710312036},"id":"ui.lagging"}}
{"recorder_version":"11","session":"53e361bd8f4d","build":"191.7479.30","bucket":"129","time":1560710323961,"group":{"id":"ui.dialogs","version":"11"},"event":{"count":1,"data":{"code":0,"created":1560710323961,"plugin_type":"PLATFORM","type":"close"},"id":"com.intellij.openapi.options.newEditor.SettingsDialog"}}
{"recorder_version":"11","session":"53e361bd8f4d","build":"191.7479.30","bucket":"129","time":1560710324024,"group":{"id":"performance","version":"11"},"event":{"count":1,"data":{"duration_ms":145,"created":1560710324024},"id":"ui.lagging"}}
{"recorder_version":"11","session":"53e361bd8f4d","build":"191.7479.30","bucket":"129","time":1560710341056,"group":{"id":"performance","version":"11"},"event":{"count":1,"data":{"duration_ms":12,"created":1560710341056},"id":"ui.latency"}}
{"recorder_version":"11","session":"53e361bd8f4d","build":"191.7479.30","bucket":"129","time":1560710401616,"group":{"id":"actions","version":"11"},"event":{"count":1,"data":{"context_menu":true,"os":"Linux","created":1560710401616,"plugin_type":"PLATFORM","project":"9c3fffe4b7653c4320b086545a25136f32031826843ae85c0f9343ca44694f6f","place":"MainMenu","input_event":"MouseLeft"},"id":"ShowSettings"}}
{"recorder_version":"11","session":"53e361bd8f4d","build":"191.7479.30","bucket":"129","time":1560710401828,"group":{"id":"ui.dialogs","version":"11"},"event":{"count":1,"data":{"created":1560710401828,"plugin_type":"PLATFORM","type":"show"},"id":"com.intellij.openapi.options.newEditor.SettingsDialog"}}
{"recorder_version":"11","session":"53e361bd8f4d","build":"191.7479.30","bucket":"129","time":1560710402210,"group":{"id":"performance","version":"11"},"event":{"count":1,"data":{"duration_ms":140,"created":1560710402210},"id":"ui.lagging"}}
{"recorder_version":"11","session":"53e361bd8f4d","build":"191.7479.30","bucket":"129","time":1560710409141,"group":{"id":"performance","version":"11"},"event":{"count":1,"data":{"duration_ms":1069,"created":1560710409141},"id":"ui.lagging"}}
{"recorder_version":"11","session":"53e361bd8f4d","build":"191.7479.30","bucket":"129","time":1560710424327,"group":{"id":"performance","version":"11"},"event":{"count":1,"data":{"duration_ms":247,"created":1560710424327},"id":"ui.lagging"}}
{"recorder_version":"11","session":"53e361bd8f4d","build":"191.7479.30","bucket":"129","time":1560710428657,"group":{"id":"performance","version":"11"},"event":{"count":1,"data":{"duration_ms":1576,"created":1560710428657},"id":"ui.lagging"}}
{"recorder_version":"11","session":"53e361bd8f4d","build":"191.7479.30","bucket":"129","time":1560710428668,"group":{"id":"performance","version":"11"},"event":{"count":1,"data":{"duration_ms":587,"created":1560710428668},"id":"ui.lagging"}}
{"recorder_version":"11","session":"53e361bd8f4d","build":"191.7479.30","bucket":"129","time":1560710439807,"group":{"id":"file.types.usage","version":"11"},"event":{"count":1,"data":{"created":1560710439807},"id":"registered"}}
{"recorder_version":"11","session":"53e361bd8f4d","build":"191.7479.30","bucket":"129","time":1560710439807,"group":{"id":"actions.runAnything","version":"1"},"event":{"count":1,"data":{"created":1560710439808},"id":"registered"}}
{"recorder_version":"11","session":"53e361bd8f4d","build":"191.7479.30","bucket":"129","time":1560710439807,"group":{"id":"toolwindow","version":"11"},"event":{"count":1,"data":{"created":1560710439809},"id":"registered"}}
{"recorder_version":"11","session":"53e361bd8f4d","build":"191.7479.30","bucket":"129","time":1560710439807,"group":{"id":"intentions","version":"11"},"event":{"count":1,"data":{"created":1560710439809},"id":"registered"}}
{"recorder_version":"11","session":"53e361bd8f4d","build":"191.7479.30","bucket":"129","time":1560710439807,"group":{"id":"live.templates","version":"11"},"event":{"count":1,"data":{"created":1560710439809},"id":"registered"}}
{"recorder_version":"11","session":"53e361bd8f4d","build":"191.7479.30","bucket":"129","time":1560710439807,"group":{"id":"ui.dialogs","version":"11"},"event":{"count":1,"data":{"created":1560710439809},"id":"registered"}}
{"recorder_version":"11","session":"53e361bd8f4d","build":"191.7479.30","bucket":"129","time":1560710439807,"group":{"id":"vcs.back.forward.trigger","version":"1"},"event":{"count":1,"data":{"created":1560710439810},"id":"registered"}}
{"recorder_version":"11","session":"53e361bd8f4d","build":"191.7479.30","bucket":"129","time":1560710439807,"group":{"id":"ide.self.update","version":"1"},"event":{"count":1,"data":{"created":1560710439810},"id":"registered"}}
{"recorder_version":"11","session":"53e361bd8f4d","build":"191.7479.30","bucket":"129","time":1560710439807,"group":{"id":"lifecycle","version":"11"},"event":{"count":1,"data":{"created":1560710439810},"id":"registered"}}
{"recorder_version":"11","session":"53e361bd8f4d","build":"191.7479.30","bucket":"129","time":1560710439807,"group":{"id":"toolbar","version":"11"},"event":{"count":1,"data":{"created":1560710439811},"id":"registered"}}
{"recorder_version":"11","session":"53e361bd8f4d","build":"191.7479.30","bucket":"129","time":1560710439807,"group":{"id":"vcs.diff.trigger","version":"1"},"event":{"count":1,"data":{"created":1560710439811},"id":"registered"}}
{"recorder_version":"11","session":"53e361bd8f4d","build":"191.7479.30","bucket":"129","time":1560710439807,"group":{"id":"performance","version":"11"},"event":{"count":1,"data":{"created":1560710439811},"id":"registered"}}
{"recorder_version":"11","session":"53e361bd8f4d","build":"191.7479.30","bucket":"129","time":1560710439807,"group":{"id":"vcs.log.trigger","version":"1"},"event":{"count":1,"data":{"created":1560710439812},"id":"registered"}}
{"recorder_version":"11","session":"53e361bd8f4d","build":"191.7479.30","bucket":"129","time":1560710439807,"group":{"id":"productivity","version":"11"},"event":{"count":1,"data":{"created":1560710439812},"id":"registered"}}
{"recorder_version":"11","session":"53e361bd8f4d","build":"191.7479.30","bucket":"129","time":1560710439807,"group":{"id":"debugger.breakpoints.usage","version":"1"},"event":{"count":1,"data":{"created":1560710439812},"id":"registered"}}
{"recorder_version":"11","session":"53e361bd8f4d","build":"191.7479.30","bucket":"129","time":1560710439807,"group":{"id":"searchEverywhere","version":"1"},"event":{"count":1,"data":{"created":1560710439813},"id":"registered"}}
{"recorder_version":"11","session":"53e361bd8f4d","build":"191.7479.30","bucket":"129","time":1560710439807,"group":{"id":"ui.tips","version":"1"},"event":{"count":1,"data":{"created":1560710439813},"id":"registered"}}
{"recorder_version":"11","session":"53e361bd8f4d","build":"191.7479.30","bucket":"129","time":1560710439807,"group":{"id":"import.old.config","version":"1"},"event":{"count":1,"data":{"created":1560710439813},"id":"registered"}}
{"recorder_version":"11","session":"53e361bd8f4d","build":"191.7479.30","bucket":"129","time":1560710439807,"group":{"id":"json.schema","version":"1"},"event":{"count":1,"data":{"created":1560710439814},"id":"registered"}}
{"recorder_version":"11","session":"53e361bd8f4d","build":"191.7479.30","bucket":"129","time":1560710439807,"group":{"id":"terminalShell","version":"1"},"event":{"count":1,"data":{"created":1560710439814},"id":"registered"}}
{"recorder_version":"11","session":"53e361bd8f4d","build":"191.7479.30","bucket":"129","time":1560710439807,"group":{"id":"completion.postfix","version":"11"},"event":{"count":1,"data":{"created":1560710439814},"id":"registered"}}
{"recorder_version":"11","session":"53e361bd8f4d","build":"191.7479.30","bucket":"129","time":1560710439807,"group":{"id":"actions","version":"11"},"event":{"count":1,"data":{"created":1560710439814},"id":"registered"}}
{"recorder_version":"11","session":"53e361bd8f4d","build":"191.7479.30","bucket":"129","time":1560710439807,"group":{"id":"run.configuration.exec","version":"11"},"event":{"count":1,"data":{"created":1560710439815},"id":"registered"}}
{"recorder_version":"11","session":"53e361bd8f4d","build":"191.7479.30","bucket":"129","time":1560710441086,"group":{"id":"performance","version":"11"},"event":{"count":1,"data":{"duration_ms":0,"created":1560710441086},"id":"ui.latency"}}
{"recorder_version":"11","session":"53e361bd8f4d","build":"191.7479.30","bucket":"129","time":1560710488619,"group":{"id":"performance","version":"11"},"event":{"count":1,"data":{"duration_ms":515,"created":1560710488619},"id":"ui.lagging"}}
{"recorder_version":"11","session":"53e361bd8f4d","build":"191.7479.30","bucket":"129","time":1560710511879,"group":{"id":"ui.dialogs","version":"11"},"event":{"count":1,"data":{"created":1560710511879,"plugin_type":"PLATFORM","type":"show"},"id":"com.intellij.openapi.ui.messages.MessageDialog"}}
{"recorder_version":"11","session":"53e361bd8f4d","build":"191.7479.30","bucket":"129","time":1560710513705,"group":{"id":"ui.dialogs","version":"11"},"event":{"count":1,"data":{"code":0,"created":1560710513705,"plugin_type":"PLATFORM","type":"close"},"id":"com.intellij.openapi.options.newEditor.SettingsDialog"}}
{"recorder_version":"11","session":"53e361bd8f4d","build":"191.7479.30","bucket":"129","time":1560710513762,"group":{"id":"lifecycle","version":"11"},"event":{"count":1,"data":{"restart":true,"created":1560710513762},"id":"ide.close"}}
{"recorder_version":"11","session":"53e361bd8f4d","build":"191.7479.30","bucket":"129","time":1560710514340,"group":{"id":"lifecycle","version":"11"},"event":{"count":1,"data":{"created":1560710514340,"project":"9c3fffe4b7653c4320b086545a25136f32031826843ae85c0f9343ca44694f6f"},"id":"project.closed"}}
