{"recorder_version":"11","session":"e7551def29a8","build":"191.7479.30","bucket":"129","time":1560709895051,"group":{"id":"settings","version":"2"},"event":{"state":true,"data":{"created":1560709895052,"invoked":true},"id":"NotRoamableUiSettings"}}
{"recorder_version":"11","session":"e7551def29a8","build":"191.7479.30","bucket":"129","time":1560709895053,"group":{"id":"settings","version":"2"},"event":{"state":true,"data":{"created":1560709895062,"invoked":true},"id":"UISettings"}}
{"recorder_version":"11","session":"e7551def29a8","build":"191.7479.30","bucket":"129","time":1560709895073,"group":{"id":"system.os","version":"1"},"event":{"state":true,"data":{"release":"ubuntu","created":1560709895082,"version":"19.4"},"id":"Linux"}}
{"recorder_version":"11","session":"e7551def29a8","build":"191.7479.30","bucket":"129","time":1560709895073,"group":{"id":"system.os","version":"1"},"event":{"state":true,"data":{"created":1560709895084},"id":"invoked"}}
{"recorder_version":"11","session":"e7551def29a8","build":"191.7479.30","bucket":"129","time":1560709895073,"group":{"id":"system.java","version":"1"},"event":{"state":true,"data":{"created":1560709895085,"version":"1.11"},"id":"JetBrains"}}
{"recorder_version":"11","session":"e7551def29a8","build":"191.7479.30","bucket":"129","time":1560709895073,"group":{"id":"system.java","version":"1"},"event":{"state":true,"data":{"created":1560709895086},"id":"invoked"}}
{"recorder_version":"11","session":"e7551def29a8","build":"191.7479.30","bucket":"129","time":1560709896219,"group":{"id":"settings","version":"2"},"event":{"state":true,"data":{"created":1560709896219,"invoked":true},"id":"GeneralSettings"}}
{"recorder_version":"11","session":"e7551def29a8","build":"191.7479.30","bucket":"129","time":1560709897067,"group":{"id":"import.old.config","version":"1"},"event":{"count":1,"data":{"created":1560709897067},"id":"DO_NOT_IMPORT"}}
{"recorder_version":"11","session":"e7551def29a8","build":"191.7479.30","bucket":"129","time":1560709900008,"group":{"id":"lifecycle","version":"11"},"event":{"count":1,"data":{"eap":false,"created":1560709900008},"id":"ide.start"}}
{"recorder_version":"11","session":"e7551def29a8","build":"191.7479.30","bucket":"129","time":1560709900296,"group":{"id":"performance","version":"11"},"event":{"count":1,"data":{"duration_ms":3393,"created":1560709900296},"id":"ui.latency"}}
{"recorder_version":"11","session":"e7551def29a8","build":"191.7479.30","bucket":"129","time":1560709900296,"group":{"id":"performance","version":"11"},"event":{"count":1,"data":{"duration_ms":3393,"created":1560709900298},"id":"ui.lagging"}}
{"recorder_version":"11","session":"e7551def29a8","build":"191.7479.30","bucket":"129","time":1560709900296,"group":{"id":"performance","version":"11"},"event":{"count":1,"data":{"duration_ms":2392,"created":1560709900299},"id":"ui.lagging"}}
{"recorder_version":"11","session":"e7551def29a8","build":"191.7479.30","bucket":"129","time":1560709900304,"group":{"id":"performance","version":"11"},"event":{"count":1,"data":{"duration_ms":1399,"created":1560709900304},"id":"ui.lagging"}}
{"recorder_version":"11","session":"e7551def29a8","build":"191.7479.30","bucket":"129","time":1560709900304,"group":{"id":"performance","version":"11"},"event":{"count":1,"data":{"duration_ms":398,"created":1560709900306},"id":"ui.lagging"}}
{"recorder_version":"11","session":"e7551def29a8","build":"191.7479.30","bucket":"129","time":1560709901407,"group":{"id":"performance","version":"11"},"event":{"count":1,"data":{"duration_ms":501,"created":1560709901407},"id":"ui.lagging"}}
{"recorder_version":"11","session":"e7551def29a8","build":"191.7479.30","bucket":"129","time":1560709916308,"group":{"id":"actions","version":"11"},"event":{"count":1,"data":{"context_menu":false,"os":"Linux","created":1560709916308,"plugin_type":"PLATFORM","place":"unknown","input_event":"MouseLeft"},"id":"com.intellij.openapi.wm.impl.welcomeScreen.FlatWelcomeFrame$FlatWelcomeScreen$5"}}
{"recorder_version":"11","session":"e7551def29a8","build":"191.7479.30","bucket":"129","time":1560709918195,"group":{"id":"actions","version":"11"},"event":{"count":1,"data":{"context_menu":false,"os":"Linux","created":1560709918195,"plugin_type":"PLATFORM","place":"WelcomeScreen"},"id":"com.intellij.openapi.wm.impl.welcomeScreen.FlatWelcomeFrame$FlatWelcomeScreen$IconsFreeActionGroup$1"}}
{"recorder_version":"11","session":"e7551def29a8","build":"191.7479.30","bucket":"129","time":1560709918514,"group":{"id":"ui.dialogs","version":"11"},"event":{"count":1,"data":{"created":1560709918514,"plugin_type":"PLATFORM","type":"show"},"id":"com.intellij.openapi.options.newEditor.SettingsDialog"}}
{"recorder_version":"11","session":"e7551def29a8","build":"191.7479.30","bucket":"129","time":1560709923498,"group":{"id":"performance","version":"11"},"event":{"count":1,"data":{"duration_ms":581,"created":1560709923498},"id":"ui.lagging"}}
{"recorder_version":"11","session":"e7551def29a8","build":"191.7479.30","bucket":"129","time":1560709928270,"group":{"id":"ui.dialogs","version":"11"},"event":{"count":1,"data":{"created":1560709928270,"plugin_type":"PLATFORM","type":"show"},"id":"com.intellij.openapi.ui.messages.MessageDialog"}}
{"recorder_version":"11","session":"e7551def29a8","build":"191.7479.30","bucket":"129","time":1560709931142,"group":{"id":"performance","version":"11"},"event":{"count":1,"data":{"duration_ms":222,"created":1560709931143},"id":"ui.lagging"}}
{"recorder_version":"11","session":"e7551def29a8","build":"191.7479.30","bucket":"129","time":1560710001038,"group":{"id":"performance","version":"11"},"event":{"count":1,"data":{"duration_ms":11,"created":1560710001038},"id":"ui.latency"}}
{"recorder_version":"11","session":"e7551def29a8","build":"191.7479.30","bucket":"129","time":1560710071250,"group":{"id":"performance","version":"11"},"event":{"count":1,"data":{"duration_ms":192,"created":1560710071250},"id":"ui.lagging"}}
{"recorder_version":"11","session":"e7551def29a8","build":"191.7479.30","bucket":"129","time":1560710101069,"group":{"id":"performance","version":"11"},"event":{"count":1,"data":{"duration_ms":1,"created":1560710101069},"id":"ui.latency"}}
{"recorder_version":"11","session":"e7551def29a8","build":"191.7479.30","bucket":"129","time":1560710105683,"group":{"id":"ui.dialogs","version":"11"},"event":{"count":1,"data":{"created":1560710105683,"plugin_type":"PLATFORM","type":"show"},"id":"com.intellij.openapi.ui.messages.MessageDialog"}}
{"recorder_version":"11","session":"e7551def29a8","build":"191.7479.30","bucket":"129","time":1560710110315,"group":{"id":"ui.dialogs","version":"11"},"event":{"count":1,"data":{"code":0,"created":1560710110315,"plugin_type":"PLATFORM","type":"close"},"id":"com.intellij.openapi.options.newEditor.SettingsDialog"}}
{"recorder_version":"11","session":"e7551def29a8","build":"191.7479.30","bucket":"129","time":1560710110476,"group":{"id":"lifecycle","version":"11"},"event":{"count":1,"data":{"restart":true,"created":1560710110476},"id":"ide.close"}}
